#-----------------------------------------------------------
# Webtalk v2015.2 (64-bit)
# SW Build 1266856 on Fri Jun 26 16:35:25 MDT 2015
# 
# Start of session at: Thu Feb 04 14:06:58 2016
# Process ID: 7160
# Log file: C:/work/vivado/15_2/Arty/AddressableLEDs/AddressableLEDs.sdk/webtalk/webtalk.log
# Journal file: C:/work/vivado/15_2/Arty/AddressableLEDs/AddressableLEDs.sdk/webtalk\webtalk.jou
#-----------------------------------------------------------
source sdk_webtalk.tcl
# webtalk_init -webtalk_dir C:\\work\\vivado\\15_2\\Arty\\AddressableLEDs\\AddressableLEDs.sdk\\webtalk
# webtalk_register_client -client project
# webtalk_add_data -client project -key date_generated -value "Thu Feb 4 14:06:56 2016" -context "software_version_and_target_device"
# webtalk_add_data -client project -key product_version -value "SDK v2015.2" -context "software_version_and_target_device"
# webtalk_add_data -client project -key build_version -value "2015.2" -context "software_version_and_target_device"
# webtalk_add_data -client project -key os_platform -value "amd64" -context "software_version_and_target_device"
# webtalk_add_data -client project -key registration_id -value "" -context "software_version_and_target_device"
# webtalk_add_data -client project -key tool_flow -value "SDK" -context "software_version_and_target_device"
# webtalk_add_data -client project -key beta -value "false" -context "software_version_and_target_device"
# webtalk_add_data -client project -key route_design -value "NA" -context "software_version_and_target_device"
# webtalk_add_data -client project -key target_family -value "NA" -context "software_version_and_target_device"
# webtalk_add_data -client project -key target_device -value "NA" -context "software_version_and_target_device"
# webtalk_add_data -client project -key target_package -value "NA" -context "software_version_and_target_device"
# webtalk_add_data -client project -key target_speed -value "NA" -context "software_version_and_target_device"
# webtalk_add_data -client project -key random_id -value "ucdssm6v1mifv50b7dmgfd2h35" -context "software_version_and_target_device"
# webtalk_add_data -client project -key project_id -value "2015.2_27" -context "software_version_and_target_device"
# webtalk_add_data -client project -key project_iteration -value "27" -context "software_version_and_target_device"
# webtalk_add_data -client project -key os_name -value "" -context "user_environment"
# webtalk_add_data -client project -key os_release -value "" -context "user_environment"
# webtalk_add_data -client project -key cpu_name -value "" -context "user_environment"
# webtalk_add_data -client project -key cpu_speed -value "" -context "user_environment"
# webtalk_add_data -client project -key total_processors -value "" -context "user_environment"
# webtalk_add_data -client project -key system_ram -value "" -context "user_environment"
# webtalk_register_client -client sdk
# webtalk_add_data -client sdk -key uid -value "1454623107243" -context "sdk\\\\hardware/1454623107243"
# webtalk_add_data -client sdk -key isZynq -value "false" -context "sdk\\\\hardware/1454623107243"
# webtalk_add_data -client sdk -key Processors -value "1" -context "sdk\\\\hardware/1454623107243"
# webtalk_add_data -client sdk -key VivadoVersion -value "2015.2.1" -context "sdk\\\\hardware/1454623107243"
# webtalk_add_data -client sdk -key Arch -value "artix7" -context "sdk\\\\hardware/1454623107243"
# webtalk_add_data -client sdk -key Device -value "7a35ti" -context "sdk\\\\hardware/1454623107243"
# webtalk_add_data -client sdk -key IsHandoff -value "true" -context "sdk\\\\hardware/1454623107243"
# webtalk_add_data -client sdk -key uid -value "1454623138498" -context "sdk\\\\bsp/1454623138498"
# webtalk_add_data -client sdk -key hwid -value "1454623107243" -context "sdk\\\\bsp/1454623138498"
# webtalk_add_data -client sdk -key os -value "standalone" -context "sdk\\\\bsp/1454623138498"
# webtalk_add_data -client sdk -key apptemplate -value "empty_application" -context "sdk\\\\bsp/1454623138498"
# webtalk_add_data -client sdk -key uid -value "1454623139491" -context "sdk\\\\application/1454623139491"
# webtalk_add_data -client sdk -key hwid -value "1454623107243" -context "sdk\\\\application/1454623139491"
# webtalk_add_data -client sdk -key bspid -value "1454623138498" -context "sdk\\\\application/1454623139491"
# webtalk_add_data -client sdk -key newbsp -value "true" -context "sdk\\\\application/1454623139491"
# webtalk_add_data -client sdk -key os -value "standalone" -context "sdk\\\\application/1454623139491"
# webtalk_add_data -client sdk -key apptemplate -value "empty_application" -context "sdk\\\\application/1454623139491"
# webtalk_transmit -clientid 1394389360 -regid "" -xml C:\\work\\vivado\\15_2\\Arty\\AddressableLEDs\\AddressableLEDs.sdk\\webtalk\\usage_statistics_ext_sdk.xml -html C:\\work\\vivado\\15_2\\Arty\\AddressableLEDs\\AddressableLEDs.sdk\\webtalk\\usage_statistics_ext_sdk.html -wdm C:\\work\\vivado\\15_2\\Arty\\AddressableLEDs\\AddressableLEDs.sdk\\webtalk\\sdk_webtalk.wdm -intro "<H3>SDK Usage Report</H3><BR>"

    while executing
"webtalk_transmit -clientid 1394389360 -regid "" -xml C:\\work\\vivado\\15_2\\Arty\\AddressableLEDs\\AddressableLEDs.sdk\\webtalk\\usage_statistics_ext..."
    (file "sdk_webtalk.tcl" line 42)
INFO: [Common 17-206] Exiting Webtalk at Thu Feb 04 14:06:58 2016...
