15:40:54 INFO  : Launching XSDB server: xsdb.bat -s C:/Xilinx/SDK/2015.2/scripts/xsdb/xsdb/xsdb-server.tcl
15:40:55 INFO  : Processing command line option -hwspec C:/Users/mskreen.NI/OneDrive/Digilent/Arty/Arty_leds_sws/Arty_leds_sws.sdk/design_1_wrapper.hdf.
15:41:01 INFO  : XSDB server has started successfully.
16:01:23 ERROR : Unexpected error while launching program.
com.xilinx.sdk.targetmanager.TMException: Could not detect MDM peripheral on hardware. Please check:
    1. If FPGA is configured correctly
    2. MDM Core is instantiated in the design
    3. If the correct FPGA is referred, in case of multiple FPGAs
    4. If the correct MDM is referred, in case of a multiple MDM system
    

	at com.xilinx.sdk.targetmanager.internal.TM.connectToProcessor(TM.java:481)
	at com.xilinx.sdk.debug.core.XilinxAppLaunchConfigurationDelegate.runTargetSetup(XilinxAppLaunchConfigurationDelegate.java:423)
	at com.xilinx.sdk.debug.core.XilinxAppLaunchConfigurationDelegate.runApplication(XilinxAppLaunchConfigurationDelegate.java:588)
	at com.xilinx.sdk.debug.core.XilinxAppLaunchConfigurationDelegate.launch(XilinxAppLaunchConfigurationDelegate.java:296)
	at com.xilinx.sdk.debug.ui.XilinxAppLaunchDelegateWrapper.launch(XilinxAppLaunchDelegateWrapper.java:31)
	at org.eclipse.debug.internal.core.LaunchConfiguration.launch(LaunchConfiguration.java:858)
	at org.eclipse.debug.internal.core.LaunchConfiguration.launch(LaunchConfiguration.java:707)
	at org.eclipse.debug.internal.ui.DebugUIPlugin.buildAndLaunch(DebugUIPlugin.java:1018)
	at org.eclipse.debug.internal.ui.DebugUIPlugin$8.run(DebugUIPlugin.java:1222)
	at org.eclipse.core.internal.jobs.Worker.run(Worker.java:53)
16:01:39 ERROR : Unexpected error while launching program.
com.xilinx.sdk.targetmanager.TMException: Could not detect MDM peripheral on hardware. Please check:
    1. If FPGA is configured correctly
    2. MDM Core is instantiated in the design
    3. If the correct FPGA is referred, in case of multiple FPGAs
    4. If the correct MDM is referred, in case of a multiple MDM system
    

	at com.xilinx.sdk.targetmanager.internal.TM.connectToProcessor(TM.java:481)
	at com.xilinx.sdk.debug.core.XilinxAppLaunchConfigurationDelegate.runTargetSetup(XilinxAppLaunchConfigurationDelegate.java:423)
	at com.xilinx.sdk.debug.core.XilinxAppLaunchConfigurationDelegate.runApplication(XilinxAppLaunchConfigurationDelegate.java:588)
	at com.xilinx.sdk.debug.core.XilinxAppLaunchConfigurationDelegate.launch(XilinxAppLaunchConfigurationDelegate.java:296)
	at com.xilinx.sdk.debug.ui.XilinxAppLaunchDelegateWrapper.launch(XilinxAppLaunchDelegateWrapper.java:31)
	at org.eclipse.debug.internal.core.LaunchConfiguration.launch(LaunchConfiguration.java:858)
	at org.eclipse.debug.internal.core.LaunchConfiguration.launch(LaunchConfiguration.java:707)
	at org.eclipse.debug.internal.ui.DebugUIPlugin.buildAndLaunch(DebugUIPlugin.java:1018)
	at org.eclipse.debug.internal.ui.DebugUIPlugin$8.run(DebugUIPlugin.java:1222)
	at org.eclipse.core.internal.jobs.Worker.run(Worker.java:53)
16:02:11 INFO  : Connected to target on host '127.0.0.1' and port '3121'.
16:02:11 INFO  : 'targets -set -filter {jtag_cable_name =~ "Digilent Arty 210319722170A" && level==0} -index 0' command is executed.
16:02:12 INFO  : FPGA configured successfully with bitstream "C:/Users/mskreen.NI/OneDrive/Digilent/Arty/Arty_leds_sws/Arty_leds_sws.sdk/design_1_wrapper_hw_platform_0/download.bit"
16:02:27 ERROR : Unexpected error while launching program.
java.lang.RuntimeException: Error in Resetting Target
MicroBlaze is not being clocked. Check if the Clock input to MicroBlaze and its Bus Interfaces are connected properly
    

	at com.xilinx.sdk.targetmanager.internal.TM.doSystemReset(TM.java:972)
	at com.xilinx.sdk.debug.core.XilinxAppLaunchConfigurationDelegate.runTargetSetup(XilinxAppLaunchConfigurationDelegate.java:425)
	at com.xilinx.sdk.debug.core.XilinxAppLaunchConfigurationDelegate.runApplication(XilinxAppLaunchConfigurationDelegate.java:588)
	at com.xilinx.sdk.debug.core.XilinxAppLaunchConfigurationDelegate.launch(XilinxAppLaunchConfigurationDelegate.java:296)
	at com.xilinx.sdk.debug.ui.XilinxAppLaunchDelegateWrapper.launch(XilinxAppLaunchDelegateWrapper.java:31)
	at org.eclipse.debug.internal.core.LaunchConfiguration.launch(LaunchConfiguration.java:858)
	at org.eclipse.debug.internal.core.LaunchConfiguration.launch(LaunchConfiguration.java:707)
	at org.eclipse.debug.internal.ui.DebugUIPlugin.buildAndLaunch(DebugUIPlugin.java:1018)
	at org.eclipse.debug.internal.ui.DebugUIPlugin$8.run(DebugUIPlugin.java:1222)
	at org.eclipse.core.internal.jobs.Worker.run(Worker.java:53)
16:03:08 ERROR : Unexpected error while launching program.
java.lang.RuntimeException: Error in Resetting Target
MicroBlaze is not being clocked. Check if the Clock input to MicroBlaze and its Bus Interfaces are connected properly
    

	at com.xilinx.sdk.targetmanager.internal.TM.doProcessorReset(TM.java:995)
	at com.xilinx.sdk.debug.core.XilinxAppLaunchConfigurationDelegate.runTargetSetup(XilinxAppLaunchConfigurationDelegate.java:427)
	at com.xilinx.sdk.debug.core.XilinxAppLaunchConfigurationDelegate.runApplication(XilinxAppLaunchConfigurationDelegate.java:588)
	at com.xilinx.sdk.debug.core.XilinxAppLaunchConfigurationDelegate.launch(XilinxAppLaunchConfigurationDelegate.java:296)
	at com.xilinx.sdk.debug.ui.XilinxAppLaunchDelegateWrapper.launch(XilinxAppLaunchDelegateWrapper.java:31)
	at org.eclipse.debug.internal.core.LaunchConfiguration.launch(LaunchConfiguration.java:858)
	at org.eclipse.debug.internal.core.LaunchConfiguration.launch(LaunchConfiguration.java:707)
	at org.eclipse.debug.internal.ui.DebugUIPlugin.buildAndLaunch(DebugUIPlugin.java:1018)
	at org.eclipse.debug.internal.ui.DebugUIPlugin$8.run(DebugUIPlugin.java:1222)
	at org.eclipse.core.internal.jobs.Worker.run(Worker.java:53)
16:19:49 INFO  : SDK has detected change in the last modified timestamps for source hardware specification file Source:1438557560435,  Project:1438555219323
16:19:49 INFO  : Project design_1_wrapper_hw_platform_0's source hardware specification located at C:/Users/mskreen.NI/OneDrive/Digilent/Arty/Arty_leds_sws/Arty_leds_sws.sdk/design_1_wrapper.hdf is now different from the local copy.
		 The local copy will be replaced with the source specification and your workspace will be updated.
16:19:53 INFO  : Copied contents of C:/Users/mskreen.NI/OneDrive/Digilent/Arty/Arty_leds_sws/Arty_leds_sws.sdk/design_1_wrapper.hdf into \design_1_wrapper_hw_platform_0\system.hdf.
16:19:54 INFO  : Synchronizing projects in the workspace with the hardware platform specification changes.
16:19:55 INFO  : 
16:19:55 INFO  : Updating hardware inferred compiler options for Demo.
16:19:55 INFO  : Clearing existing target manager status.
16:19:55 INFO  : Closing and re-opening the MSS file of ther project Demo_bsp
16:19:56 INFO  : Closing and re-opening the MSS file of ther project Demo_bsp
16:19:56 INFO  : Closing and re-opening the MSS file of ther project Demo_bsp
16:19:56 INFO  : Closing and re-opening the MSS file of ther project Demo_bsp
16:19:56 INFO  : Closing and re-opening the MSS file of ther project Demo_bsp
16:19:56 INFO  : Workspace synchronized with the new hardware specification file. Cleaning dependent projects...
16:19:57 WARN  : Linker script will not be updated automatically. Users need to update it manually.
16:20:31 INFO  : Connected to target on host '127.0.0.1' and port '3121'.
16:20:31 INFO  : 'targets -set -filter {jtag_cable_name =~ "Digilent Arty 210319722170A" && level==0} -index 0' command is executed.
16:20:32 INFO  : FPGA configured successfully with bitstream "C:/Users/mskreen.NI/OneDrive/Digilent/Arty/Arty_leds_sws/Arty_leds_sws.sdk/design_1_wrapper_hw_platform_0/download.bit"
16:20:38 ERROR : Unexpected error while launching program.
java.lang.RuntimeException: Error in Resetting Target
MicroBlaze is not being clocked. Check if the Clock input to MicroBlaze and its Bus Interfaces are connected properly
    

	at com.xilinx.sdk.targetmanager.internal.TM.doProcessorReset(TM.java:995)
	at com.xilinx.sdk.debug.core.XilinxAppLaunchConfigurationDelegate.runTargetSetup(XilinxAppLaunchConfigurationDelegate.java:427)
	at com.xilinx.sdk.debug.core.XilinxAppLaunchConfigurationDelegate.runApplication(XilinxAppLaunchConfigurationDelegate.java:588)
	at com.xilinx.sdk.debug.core.XilinxAppLaunchConfigurationDelegate.launch(XilinxAppLaunchConfigurationDelegate.java:296)
	at com.xilinx.sdk.debug.ui.XilinxAppLaunchDelegateWrapper.launch(XilinxAppLaunchDelegateWrapper.java:31)
	at org.eclipse.debug.internal.core.LaunchConfiguration.launch(LaunchConfiguration.java:858)
	at org.eclipse.debug.internal.core.LaunchConfiguration.launch(LaunchConfiguration.java:707)
	at org.eclipse.debug.internal.ui.DebugUIPlugin.buildAndLaunch(DebugUIPlugin.java:1018)
	at org.eclipse.debug.internal.ui.DebugUIPlugin$8.run(DebugUIPlugin.java:1222)
	at org.eclipse.core.internal.jobs.Worker.run(Worker.java:53)
16:35:43 ERROR : Unexpected error while launching program.
java.lang.RuntimeException: Error in Resetting Target
MicroBlaze is not being clocked. Check if the Clock input to MicroBlaze and its Bus Interfaces are connected properly
    

	at com.xilinx.sdk.targetmanager.internal.TM.doProcessorReset(TM.java:995)
	at com.xilinx.sdk.debug.core.XilinxAppLaunchConfigurationDelegate.runTargetSetup(XilinxAppLaunchConfigurationDelegate.java:427)
	at com.xilinx.sdk.debug.core.XilinxAppLaunchConfigurationDelegate.runApplication(XilinxAppLaunchConfigurationDelegate.java:588)
	at com.xilinx.sdk.debug.core.XilinxAppLaunchConfigurationDelegate.launch(XilinxAppLaunchConfigurationDelegate.java:296)
	at com.xilinx.sdk.debug.ui.XilinxAppLaunchDelegateWrapper.launch(XilinxAppLaunchDelegateWrapper.java:31)
	at org.eclipse.debug.internal.core.LaunchConfiguration.launch(LaunchConfiguration.java:858)
	at org.eclipse.debug.internal.core.LaunchConfiguration.launch(LaunchConfiguration.java:707)
	at org.eclipse.debug.internal.ui.DebugUIPlugin.buildAndLaunch(DebugUIPlugin.java:1018)
	at org.eclipse.debug.internal.ui.DebugUIPlugin$8.run(DebugUIPlugin.java:1222)
	at org.eclipse.core.internal.jobs.Worker.run(Worker.java:53)
16:45:33 INFO  : SDK has detected change in the last modified timestamps for source hardware specification file Source:1438559066131,  Project:1438557560435
16:45:33 INFO  : Project design_1_wrapper_hw_platform_0's source hardware specification located at C:/Users/mskreen.NI/OneDrive/Digilent/Arty/Arty_leds_sws/Arty_leds_sws.sdk/design_1_wrapper.hdf is now different from the local copy.
		 The local copy will be replaced with the source specification and your workspace will be updated.
16:45:33 INFO  : Copied contents of C:/Users/mskreen.NI/OneDrive/Digilent/Arty/Arty_leds_sws/Arty_leds_sws.sdk/design_1_wrapper.hdf into \design_1_wrapper_hw_platform_0\system.hdf.
16:45:34 INFO  : Synchronizing projects in the workspace with the hardware platform specification changes.
16:45:35 INFO  : 
16:45:35 INFO  : Updating hardware inferred compiler options for Demo.
16:45:35 INFO  : Clearing existing target manager status.
16:45:35 INFO  : Closing and re-opening the MSS file of ther project Demo_bsp
16:45:36 INFO  : Closing and re-opening the MSS file of ther project Demo_bsp
16:45:36 INFO  : Closing and re-opening the MSS file of ther project Demo_bsp
16:45:36 INFO  : Closing and re-opening the MSS file of ther project Demo_bsp
16:45:36 INFO  : Closing and re-opening the MSS file of ther project Demo_bsp
16:45:36 INFO  : Workspace synchronized with the new hardware specification file. Cleaning dependent projects...
16:45:36 WARN  : Linker script will not be updated automatically. Users need to update it manually.
16:46:51 INFO  : Connected to target on host '127.0.0.1' and port '3121'.
16:46:51 INFO  : 'targets -set -filter {jtag_cable_name =~ "Digilent Arty 210319722170A" && level==0} -index 0' command is executed.
16:46:52 INFO  : FPGA configured successfully with bitstream "C:/Users/mskreen.NI/OneDrive/Digilent/Arty/Arty_leds_sws/Arty_leds_sws.sdk/design_1_wrapper_hw_platform_0/download.bit"
16:46:59 ERROR : Unexpected error while launching program.
java.lang.RuntimeException: Error in Resetting Target
MicroBlaze is not being clocked. Check if the Clock input to MicroBlaze and its Bus Interfaces are connected properly
    

	at com.xilinx.sdk.targetmanager.internal.TM.doProcessorReset(TM.java:995)
	at com.xilinx.sdk.debug.core.XilinxAppLaunchConfigurationDelegate.runTargetSetup(XilinxAppLaunchConfigurationDelegate.java:427)
	at com.xilinx.sdk.debug.core.XilinxAppLaunchConfigurationDelegate.runApplication(XilinxAppLaunchConfigurationDelegate.java:588)
	at com.xilinx.sdk.debug.core.XilinxAppLaunchConfigurationDelegate.launch(XilinxAppLaunchConfigurationDelegate.java:296)
	at com.xilinx.sdk.debug.ui.XilinxAppLaunchDelegateWrapper.launch(XilinxAppLaunchDelegateWrapper.java:31)
	at org.eclipse.debug.internal.core.LaunchConfiguration.launch(LaunchConfiguration.java:858)
	at org.eclipse.debug.internal.core.LaunchConfiguration.launch(LaunchConfiguration.java:707)
	at org.eclipse.debug.internal.ui.DebugUIPlugin.buildAndLaunch(DebugUIPlugin.java:1018)
	at org.eclipse.debug.internal.ui.DebugUIPlugin$8.run(DebugUIPlugin.java:1222)
	at org.eclipse.core.internal.jobs.Worker.run(Worker.java:53)
16:58:23 INFO  : SDK has detected change in the last modified timestamps for source hardware specification file Source:1438559867156,  Project:1438559066131
16:58:23 INFO  : Project design_1_wrapper_hw_platform_0's source hardware specification located at C:/Users/mskreen.NI/OneDrive/Digilent/Arty/Arty_leds_sws/Arty_leds_sws.sdk/design_1_wrapper.hdf is now different from the local copy.
		 The local copy will be replaced with the source specification and your workspace will be updated.
16:58:23 INFO  : Copied contents of C:/Users/mskreen.NI/OneDrive/Digilent/Arty/Arty_leds_sws/Arty_leds_sws.sdk/design_1_wrapper.hdf into \design_1_wrapper_hw_platform_0\system.hdf.
16:58:23 INFO  : Synchronizing projects in the workspace with the hardware platform specification changes.
16:58:24 INFO  : 
16:58:25 INFO  : Updating hardware inferred compiler options for Demo.
16:58:25 INFO  : Clearing existing target manager status.
16:58:25 INFO  : Closing and re-opening the MSS file of ther project Demo_bsp
16:58:25 INFO  : Closing and re-opening the MSS file of ther project Demo_bsp
16:58:25 INFO  : Closing and re-opening the MSS file of ther project Demo_bsp
16:58:25 INFO  : Closing and re-opening the MSS file of ther project Demo_bsp
16:58:25 INFO  : Closing and re-opening the MSS file of ther project Demo_bsp
16:58:26 INFO  : Workspace synchronized with the new hardware specification file. Cleaning dependent projects...
16:58:26 WARN  : Linker script will not be updated automatically. Users need to update it manually.
16:58:53 INFO  : Connected to target on host '127.0.0.1' and port '3121'.
16:58:53 INFO  : 'targets -set -filter {jtag_cable_name =~ "Digilent Arty 210319722170A" && level==0} -index 0' command is executed.
16:58:54 INFO  : FPGA configured successfully with bitstream "C:/Users/mskreen.NI/OneDrive/Digilent/Arty/Arty_leds_sws/Arty_leds_sws.sdk/design_1_wrapper_hw_platform_0/download.bit"
16:59:03 ERROR : Unexpected error while launching program.
java.lang.RuntimeException: Error in Resetting Target
MicroBlaze is not being clocked. Check if the Clock input to MicroBlaze and its Bus Interfaces are connected properly
    

	at com.xilinx.sdk.targetmanager.internal.TM.doProcessorReset(TM.java:995)
	at com.xilinx.sdk.debug.core.XilinxAppLaunchConfigurationDelegate.runTargetSetup(XilinxAppLaunchConfigurationDelegate.java:427)
	at com.xilinx.sdk.debug.core.XilinxAppLaunchConfigurationDelegate.runApplication(XilinxAppLaunchConfigurationDelegate.java:588)
	at com.xilinx.sdk.debug.core.XilinxAppLaunchConfigurationDelegate.launch(XilinxAppLaunchConfigurationDelegate.java:296)
	at com.xilinx.sdk.debug.ui.XilinxAppLaunchDelegateWrapper.launch(XilinxAppLaunchDelegateWrapper.java:31)
	at org.eclipse.debug.internal.core.LaunchConfiguration.launch(LaunchConfiguration.java:858)
	at org.eclipse.debug.internal.core.LaunchConfiguration.launch(LaunchConfiguration.java:707)
	at org.eclipse.debug.internal.ui.DebugUIPlugin.buildAndLaunch(DebugUIPlugin.java:1018)
	at org.eclipse.debug.internal.ui.DebugUIPlugin$8.run(DebugUIPlugin.java:1222)
	at org.eclipse.core.internal.jobs.Worker.run(Worker.java:53)
09:42:56 INFO  : Connected to target on host '127.0.0.1' and port '3121'.
09:42:56 INFO  : 'targets -set -filter {jtag_cable_name =~ "Digilent Arty 210319722170A" && level==0} -index 0' command is executed.
09:42:57 INFO  : FPGA configured successfully with bitstream "C:/Users/mskreen.NI/OneDrive/Digilent/Arty/Arty_leds_sws/Arty_leds_sws.sdk/design_1_wrapper_hw_platform_0/download.bit"
09:43:19 ERROR : Unexpected error while launching program.
java.lang.RuntimeException: Error in Resetting Target
MicroBlaze is not being clocked. Check if the Clock input to MicroBlaze and its Bus Interfaces are connected properly
    

	at com.xilinx.sdk.targetmanager.internal.TM.doProcessorReset(TM.java:995)
	at com.xilinx.sdk.debug.core.XilinxAppLaunchConfigurationDelegate.runTargetSetup(XilinxAppLaunchConfigurationDelegate.java:427)
	at com.xilinx.sdk.debug.core.XilinxAppLaunchConfigurationDelegate.runApplication(XilinxAppLaunchConfigurationDelegate.java:588)
	at com.xilinx.sdk.debug.core.XilinxAppLaunchConfigurationDelegate.launch(XilinxAppLaunchConfigurationDelegate.java:296)
	at com.xilinx.sdk.debug.ui.XilinxAppLaunchDelegateWrapper.launch(XilinxAppLaunchDelegateWrapper.java:31)
	at org.eclipse.debug.internal.core.LaunchConfiguration.launch(LaunchConfiguration.java:858)
	at org.eclipse.debug.internal.core.LaunchConfiguration.launch(LaunchConfiguration.java:707)
	at org.eclipse.debug.internal.ui.DebugUIPlugin.buildAndLaunch(DebugUIPlugin.java:1018)
	at org.eclipse.debug.internal.ui.DebugUIPlugin$8.run(DebugUIPlugin.java:1222)
	at org.eclipse.core.internal.jobs.Worker.run(Worker.java:53)
14:31:25 ERROR : Unexpected error while parsing XMD response ?: com.google.gson.JsonSyntaxException: com.google.gson.stream.MalformedJsonException: invalid number or unquoted string near 
