#
# A fatal error has been detected by the Java Runtime Environment:
#
#  Internal Error (0xc000000d), pid=3040, tid=1000
#
# JRE version: Java(TM) SE Runtime Environment (8.0_25-b18) (build 1.8.0_25-b18)
# Java VM: Java HotSpot(TM) 64-Bit Server VM (25.25-b02 mixed mode windows-amd64 compressed oops)
# Problematic frame:
# C  [ntdll.dll+0x1021c0]
#
# Failed to write core dump. Minidumps are not enabled by default on client versions of Windows
#
# If you would like to submit a bug report, please visit:
#   http://bugreport.sun.com/bugreport/crash.jsp
#

---------------  T H R E A D  ---------------

Current thread (0x0000000013ab8800):  VMThread [stack: 0x00000000157a0000,0x00000000158a0000] [id=1000]

siginfo: ExceptionCode=0xc000000d

Registers:
RAX=0x000000001589f500, RBX=0xfffffffffffffffe, RCX=0x000000001599f8c0, RDX=0x000000000225061a
RSP=0x000000001589f3b0, RBP=0x00007ffc6c2a7408, RSI=0x0000000000000000, RDI=0x000000000000085c
R8 =0x000000005663ca6b, R9 =0x00000000168d8490, R10=0x000000001b99a560, R11=0x0000000080000001
R12=0x00000000001f1160, R13=0x0000000022efe510, R14=0x00000000001f1268, R15=0x000000001589f528
RIP=0x00007ffc786521c0, EFLAGS=0x0000000000000202

Top of Stack: (sp=0x000000001589f3b0)
0x000000001589f3b0:   0000000000000000 fffffffffffffffe
0x000000001589f3c0:   0000000000000000 000000000000085c
0x000000001589f3d0:   00000000c000000d 0000000000000000
0x000000001589f3e0:   00007ffc786521c0 0000000000000000
0x000000001589f3f0:   0000000000000000 0000000000000000
0x000000001589f400:   0000000000000000 0000000000000000
0x000000001589f410:   0000000000000000 0000000000000000
0x000000001589f420:   0000000000000000 0000000000000000
0x000000001589f430:   0000000000000000 0000000000000000
0x000000001589f440:   0000000000000000 0000000000000000
0x000000001589f450:   0000000000000000 0000000000000000
0x000000001589f460:   0000000000000000 0000000000000000
0x000000001589f470:   0000dad6d8c6c950 0000000000000000
0x000000001589f480:   0000000000000000 00007ffc785f47f9
0x000000001589f490:   0000000000000000 0000000000000000
0x000000001589f4a0:   0000000000000000 0000000000000000 

Instructions: (pc=0x00007ffc786521c0)
0x00007ffc786521a0:   2f f9 ff c7 44 24 20 0d 00 00 c0 b9 57 00 00 00
0x00007ffc786521b0:   e8 2b f0 f4 ff 90 48 8d 4c 24 20 e8 70 17 f5 ff
0x00007ffc786521c0:   eb 00 48 8b 8c 24 c0 00 00 00 48 33 cc e8 ce 03
0x00007ffc786521d0:   f8 ff 48 81 c4 d8 00 00 00 c3 40 55 48 83 ec 20 


Register to memory mapping:

RAX=0x000000001589f500 is an unknown value
RBX=0xfffffffffffffffe is an unknown value
RCX=0x000000001599f8c0 is pointing into the stack for thread: 0x000000000223f000
RDX=0x000000000225061a is at begin+179 in a stub
StubRoutines::call_stub [0x0000000002250567, 0x00000000022506cb[ (356 bytes)
RSP=0x000000001589f3b0 is an unknown value
RBP=0x00007ffc6c2a7408 is an unknown value
RSI=0x0000000000000000 is an unknown value
RDI=0x000000000000085c is an unknown value
R8 =0x000000005663ca6b is an unknown value
R9 =0x00000000168d8490 is an unknown value
R10={method} {0x000000001b99a568} '<init>' '(ILjava/lang/Object;Ljava/lang/Object;I)V' in 'org/eclipse/emf/common/notify/impl/NotificationImpl'
R11=0x0000000080000001 is an unknown value
R12=0x00000000001f1160 is an unknown value
R13=0x0000000022efe510 is an unknown value
R14=0x00000000001f1268 is an unknown value
R15=0x000000001589f528 is an unknown value


Stack: [0x00000000157a0000,0x00000000158a0000],  sp=0x000000001589f3b0,  free space=1020k
Native frames: (J=compiled Java code, j=interpreted, Vv=VM code, C=native code)
C  [ntdll.dll+0x1021c0]
C  [ntdll.dll+0xa47f9]
C  [KERNEL32.DLL+0x399a]
C  [MSVCR110.dll+0x752d]
C  [MSVCR110.dll+0x14cde]
C  [MSVCR110.dll+0x13edc]
C  [MSVCR110.dll+0x239e]
C  [MSVCR110.dll+0xaf9e]
C  [MSVCP110.dll+0x397b9]
C  [librdi_common.dll+0x135d02]
C  [librdi_common.dll+0x13447b]
C  0x00007ffc64964874
C  0x00007ffc64964af6
C  [ntdll.dll+0x1c334]
C  [ntdll.dll+0x1b742]
C  [ntdll.dll+0x18448]
C  [KERNEL32.DLL+0x516a]
C  [MSVCR100.dll+0x20ccd]
V  [jvm.dll+0x1f9c55]
V  [jvm.dll+0x2325e7]
V  [jvm.dll+0x231826]
V  [jvm.dll+0x231cc1]
V  [jvm.dll+0x231ede]
V  [jvm.dll+0x2852fa]
C  [MSVCR100.dll+0x21d9f]
C  [MSVCR100.dll+0x21e3b]
C  [KERNEL32.DLL+0x13d2]
C  [ntdll.dll+0x15454]

VM_Operation (0x000000000013f500): Exit, mode: safepoint, requested by thread 0x00000000003ee000


---------------  P R O C E S S  ---------------

Java Threads: ( => current thread )
  0x000000001a6c6000 JavaThread "pool-1-thread-7" [_thread_blocked, id=8088, stack(0x0000000028eb0000,0x0000000028fb0000)]
  0x000000001a6c9800 JavaThread "pool-1-thread-6" [_thread_blocked, id=3884, stack(0x0000000027020000,0x0000000027120000)]
  0x000000001a6c7000 JavaThread "pool-1-thread-5" [_thread_blocked, id=7884, stack(0x0000000022490000,0x0000000022590000)]
  0x000000001a6c2800 JavaThread "pool-1-thread-4" [_thread_blocked, id=4728, stack(0x000000001df60000,0x000000001e060000)]
  0x000000001a6be800 JavaThread "pool-1-thread-3" [_thread_blocked, id=1016, stack(0x0000000028cb0000,0x0000000028db0000)]
  0x000000001a6bb800 JavaThread "pool-1-thread-2" [_thread_blocked, id=6468, stack(0x0000000028ab0000,0x0000000028bb0000)]
  0x000000001a6bd000 JavaThread "pool-1-thread-1" [_thread_blocked, id=6160, stack(0x0000000028690000,0x0000000028790000)]
  0x000000001abc0800 JavaThread "Thread-16" daemon [_thread_blocked, id=4140, stack(0x0000000028090000,0x0000000028190000)]
  0x000000001adfb000 JavaThread "TCF Locator DNS Lookup" daemon [_thread_blocked, id=2740, stack(0x0000000021790000,0x0000000021890000)]
  0x000000001adfd800 JavaThread "TCF Locator Timer" daemon [_thread_blocked, id=4004, stack(0x0000000021690000,0x0000000021790000)]
  0x000000001adf9800 JavaThread "TCF Locator Receiver" daemon [_thread_in_native, id=4348, stack(0x0000000021590000,0x0000000021690000)]
  0x000000001adf9000 JavaThread "TCF Timer Dispatcher" daemon [_thread_blocked, id=4612, stack(0x0000000021330000,0x0000000021430000)]
  0x000000001a616000 JavaThread "EMF Reference Cleaner" daemon [_thread_blocked, id=4500, stack(0x000000001b6f0000,0x000000001b7f0000)]
  0x0000000015b51800 JavaThread "Service Thread" daemon [_thread_blocked, id=2148, stack(0x00000000164a0000,0x00000000165a0000)]
  0x0000000015adc000 JavaThread "C1 CompilerThread3" daemon [_thread_blocked, id=6324, stack(0x00000000163a0000,0x00000000164a0000)]
  0x0000000015ad5000 JavaThread "C2 CompilerThread2" daemon [_thread_blocked, id=4216, stack(0x00000000162a0000,0x00000000163a0000)]
  0x0000000015acf000 JavaThread "C2 CompilerThread1" daemon [_thread_blocked, id=6616, stack(0x00000000161a0000,0x00000000162a0000)]
  0x0000000015ac8800 JavaThread "C2 CompilerThread0" daemon [_thread_blocked, id=5040, stack(0x00000000160a0000,0x00000000161a0000)]
  0x0000000015ac7000 JavaThread "Attach Listener" daemon [_thread_blocked, id=7048, stack(0x0000000015fa0000,0x00000000160a0000)]
  0x0000000015ac6000 JavaThread "Signal Dispatcher" daemon [_thread_blocked, id=3064, stack(0x0000000015ea0000,0x0000000015fa0000)]
  0x0000000002246800 JavaThread "Finalizer" daemon [_thread_blocked, id=5612, stack(0x00000000159a0000,0x0000000015aa0000)]
  0x000000000223f000 JavaThread "Reference Handler" daemon [_thread_blocked, id=3784, stack(0x00000000158a0000,0x00000000159a0000)]
  0x00000000003ee000 JavaThread "main" [_thread_blocked, id=980, stack(0x0000000000040000,0x0000000000140000)]

Other Threads:
=>0x0000000013ab8800 VMThread [stack: 0x00000000157a0000,0x00000000158a0000] [id=1000]

VM state:at safepoint (shutting down)

VM Mutex/Monitor currently owned by a thread:  ([mutex/lock_event])
[0x00000000003ed620] Threads_lock - owner thread: 0x0000000013ab8800

Heap:
 PSYoungGen      total 67584K, used 32570K [0x00000000f5580000, 0x00000000f9880000, 0x0000000100000000)
  eden space 66560K, 48% used [0x00000000f5580000,0x00000000f754eaa0,0x00000000f9680000)
  from space 1024K, 0% used [0x00000000f9780000,0x00000000f9780000,0x00000000f9880000)
  to   space 1024K, 0% used [0x00000000f9680000,0x00000000f9680000,0x00000000f9780000)
 ParOldGen       total 112128K, used 37928K [0x00000000e0000000, 0x00000000e6d80000, 0x00000000f5580000)
  object space 112128K, 33% used [0x00000000e0000000,0x00000000e250a320,0x00000000e6d80000)
 Metaspace       used 84716K, capacity 90870K, committed 91008K, reserved 1128448K
  class space    used 10192K, capacity 12073K, committed 12160K, reserved 1048576K

Card table byte_map: [0x0000000011610000,0x0000000011720000] byte_map_base: 0x0000000010f10000

Marking Bits: (ParMarkBitMap*) 0x0000000056bed490
 Begin Bits: [0x0000000011fd0000, 0x00000000127d0000)
 End Bits:   [0x00000000127d0000, 0x0000000012fd0000)

Polling page: 0x00000000003f0000

CodeCache: size=245760Kb used=46583Kb max_used=46583Kb free=199176Kb
 bounds [0x0000000002250000, 0x0000000005030000, 0x0000000011250000]
 total_blobs=13458 nmethods=12605 adapters=759
 compilation: enabled

Compilation events (10 events):
Event: 1458390.224 Thread 0x0000000015adc000 nmethod 16207 0x0000000004904610 code [0x0000000004904780, 0x0000000004904990]
Event: 1458390.224 Thread 0x0000000015adc000 16216       3       org.eclipse.osgi.internal.serviceregistry.ServiceRegistry::removeServiceRegistration (139 bytes)
Event: 1458390.225 Thread 0x0000000015adc000 nmethod 16216 0x0000000003405610 code [0x0000000003405820, 0x0000000003406288]
Event: 1458390.225 Thread 0x0000000015adc000 16215   !   3       org.eclipse.osgi.internal.serviceregistry.ServiceRegistrationImpl::unregister (253 bytes)
Event: 1458390.226 Thread 0x0000000015adc000 nmethod 16215 0x0000000004fa2410 code [0x0000000004fa2800, 0x0000000004fa4d78]
Event: 1458390.231 Thread 0x0000000015acf000 nmethod 16203 0x0000000005026bd0 code [0x0000000005026e20, 0x0000000005027f50]
Event: 1458390.249 Thread 0x0000000015adc000 16217   !   3       org.eclipse.osgi.internal.baseadaptor.BaseStorage::compact (215 bytes)
Event: 1458390.250 Thread 0x0000000015adc000 nmethod 16217 0x0000000005029210 code [0x0000000005029640, 0x000000000502baa8]
Event: 1458390.260 Thread 0x0000000015adc000 16218       3       org.eclipse.osgi.framework.internal.core.AbstractBundle::close (52 bytes)
Event: 1458390.261 Thread 0x0000000015adc000 nmethod 16218 0x0000000005025750 code [0x0000000005025980, 0x0000000005026668]

GC Heap History (10 events):
Event: 1458253.635 GC heap before
{Heap before GC invocations=48466 (full 24224):
 PSYoungGen      total 67072K, used 512K [0x00000000f5580000, 0x00000000f9880000, 0x0000000100000000)
  eden space 66560K, 0% used [0x00000000f5580000,0x00000000f5580000,0x00000000f9680000)
  from space 512K, 100% used [0x00000000f9780000,0x00000000f9800000,0x00000000f9800000)
  to   space 1024K, 0% used [0x00000000f9680000,0x00000000f9680000,0x00000000f9780000)
 ParOldGen       total 112128K, used 38192K [0x00000000e0000000, 0x00000000e6d80000, 0x00000000f5580000)
  object space 112128K, 34% used [0x00000000e0000000,0x00000000e254c360,0x00000000e6d80000)
 Metaspace       used 83957K, capacity 90316K, committed 90624K, reserved 1128448K
  class space    used 10098K, capacity 11976K, committed 12032K, reserved 1048576K
Event: 1458253.726 GC heap after
Heap after GC invocations=48466 (full 24224):
 PSYoungGen      total 67072K, used 0K [0x00000000f5580000, 0x00000000f9880000, 0x0000000100000000)
  eden space 66560K, 0% used [0x00000000f5580000,0x00000000f5580000,0x00000000f9680000)
  from space 512K, 0% used [0x00000000f9780000,0x00000000f9780000,0x00000000f9800000)
  to   space 1024K, 0% used [0x00000000f9680000,0x00000000f9680000,0x00000000f9780000)
 ParOldGen       total 112128K, used 38064K [0x00000000e0000000, 0x00000000e6d80000, 0x00000000f5580000)
  object space 112128K, 33% used [0x00000000e0000000,0x00000000e252c360,0x00000000e6d80000)
 Metaspace       used 83957K, capacity 90316K, committed 90624K, reserved 1128448K
  class space    used 10098K, capacity 11976K, committed 12032K, reserved 1048576K
}
Event: 1458313.648 GC heap before
{Heap before GC invocations=48467 (full 24224):
 PSYoungGen      total 67072K, used 2773K [0x00000000f5580000, 0x00000000f9880000, 0x0000000100000000)
  eden space 66560K, 4% used [0x00000000f5580000,0x00000000f58354b8,0x00000000f9680000)
  from space 512K, 0% used [0x00000000f9780000,0x00000000f9780000,0x00000000f9800000)
  to   space 1024K, 0% used [0x00000000f9680000,0x00000000f9680000,0x00000000f9780000)
 ParOldGen       total 112128K, used 38064K [0x00000000e0000000, 0x00000000e6d80000, 0x00000000f5580000)
  object space 112128K, 33% used [0x00000000e0000000,0x00000000e252c360,0x00000000e6d80000)
 Metaspace       used 83957K, capacity 90316K, committed 90624K, reserved 1128448K
  class space    used 10098K, capacity 11976K, committed 12032K, reserved 1048576K
Event: 1458313.650 GC heap after
Heap after GC invocations=48467 (full 24224):
 PSYoungGen      total 67584K, used 160K [0x00000000f5580000, 0x00000000f9880000, 0x0000000100000000)
  eden space 66560K, 0% used [0x00000000f5580000,0x00000000f5580000,0x00000000f9680000)
  from space 1024K, 15% used [0x00000000f9680000,0x00000000f96a8000,0x00000000f9780000)
  to   space 1024K, 0% used [0x00000000f9780000,0x00000000f9780000,0x00000000f9880000)
 ParOldGen       total 112128K, used 38064K [0x00000000e0000000, 0x00000000e6d80000, 0x00000000f5580000)
  object space 112128K, 33% used [0x00000000e0000000,0x00000000e252c360,0x00000000e6d80000)
 Metaspace       used 83957K, capacity 90316K, committed 90624K, reserved 1128448K
  class space    used 10098K, capacity 11976K, committed 12032K, reserved 1048576K
}
Event: 1458313.650 GC heap before
{Heap before GC invocations=48468 (full 24225):
 PSYoungGen      total 67584K, used 160K [0x00000000f5580000, 0x00000000f9880000, 0x0000000100000000)
  eden space 66560K, 0% used [0x00000000f5580000,0x00000000f5580000,0x00000000f9680000)
  from space 1024K, 15% used [0x00000000f9680000,0x00000000f96a8000,0x00000000f9780000)
  to   space 1024K, 0% used [0x00000000f9780000,0x00000000f9780000,0x00000000f9880000)
 ParOldGen       total 112128K, used 38064K [0x00000000e0000000, 0x00000000e6d80000, 0x00000000f5580000)
  object space 112128K, 33% used [0x00000000e0000000,0x00000000e252c360,0x00000000e6d80000)
 Metaspace       used 83957K, capacity 90316K, committed 90624K, reserved 1128448K
  class space    used 10098K, capacity 11976K, committed 12032K, reserved 1048576K
Event: 1458313.742 GC heap after
Heap after GC invocations=48468 (full 24225):
 PSYoungGen      total 67584K, used 0K [0x00000000f5580000, 0x00000000f9880000, 0x0000000100000000)
  eden space 66560K, 0% used [0x00000000f5580000,0x00000000f5580000,0x00000000f9680000)
  from space 1024K, 0% used [0x00000000f9680000,0x00000000f9680000,0x00000000f9780000)
  to   space 1024K, 0% used [0x00000000f9780000,0x00000000f9780000,0x00000000f9880000)
 ParOldGen       total 112128K, used 37937K [0x00000000e0000000, 0x00000000e6d80000, 0x00000000f5580000)
  object space 112128K, 33% used [0x00000000e0000000,0x00000000e250c5c0,0x00000000e6d80000)
 Metaspace       used 83957K, capacity 90316K, committed 90624K, reserved 1128448K
  class space    used 10098K, capacity 11976K, committed 12032K, reserved 1048576K
}
Event: 1458373.649 GC heap before
{Heap before GC invocations=48469 (full 24225):
 PSYoungGen      total 67584K, used 2849K [0x00000000f5580000, 0x00000000f9880000, 0x0000000100000000)
  eden space 66560K, 4% used [0x00000000f5580000,0x00000000f5848720,0x00000000f9680000)
  from space 1024K, 0% used [0x00000000f9680000,0x00000000f9680000,0x00000000f9780000)
  to   space 1024K, 0% used [0x00000000f9780000,0x00000000f9780000,0x00000000f9880000)
 ParOldGen       total 112128K, used 37937K [0x00000000e0000000, 0x00000000e6d80000, 0x00000000f5580000)
  object space 112128K, 33% used [0x00000000e0000000,0x00000000e250c5c0,0x00000000e6d80000)
 Metaspace       used 83957K, capacity 90316K, committed 90624K, reserved 1128448K
  class space    used 10098K, capacity 11976K, committed 12032K, reserved 1048576K
Event: 1458373.651 GC heap after
Heap after GC invocations=48469 (full 24225):
 PSYoungGen      total 67584K, used 192K [0x00000000f5580000, 0x00000000f9880000, 0x0000000100000000)
  eden space 66560K, 0% used [0x00000000f5580000,0x00000000f5580000,0x00000000f9680000)
  from space 1024K, 18% used [0x00000000f9780000,0x00000000f97b0000,0x00000000f9880000)
  to   space 1024K, 0% used [0x00000000f9680000,0x00000000f9680000,0x00000000f9780000)
 ParOldGen       total 112128K, used 37937K [0x00000000e0000000, 0x00000000e6d80000, 0x00000000f5580000)
  object space 112128K, 33% used [0x00000000e0000000,0x00000000e250c5c0,0x00000000e6d80000)
 Metaspace       used 83957K, capacity 90316K, committed 90624K, reserved 1128448K
  class space    used 10098K, capacity 11976K, committed 12032K, reserved 1048576K
}
Event: 1458373.651 GC heap before
{Heap before GC invocations=48470 (full 24226):
 PSYoungGen      total 67584K, used 192K [0x00000000f5580000, 0x00000000f9880000, 0x0000000100000000)
  eden space 66560K, 0% used [0x00000000f5580000,0x00000000f5580000,0x00000000f9680000)
  from space 1024K, 18% used [0x00000000f9780000,0x00000000f97b0000,0x00000000f9880000)
  to   space 1024K, 0% used [0x00000000f9680000,0x00000000f9680000,0x00000000f9780000)
 ParOldGen       total 112128K, used 37937K [0x00000000e0000000, 0x00000000e6d80000, 0x00000000f5580000)
  object space 112128K, 33% used [0x00000000e0000000,0x00000000e250c5c0,0x00000000e6d80000)
 Metaspace       used 83957K, capacity 90316K, committed 90624K, reserved 1128448K
  class space    used 10098K, capacity 11976K, committed 12032K, reserved 1048576K
Event: 1458373.737 GC heap after
Heap after GC invocations=48470 (full 24226):
 PSYoungGen      total 67584K, used 0K [0x00000000f5580000, 0x00000000f9880000, 0x0000000100000000)
  eden space 66560K, 0% used [0x00000000f5580000,0x00000000f5580000,0x00000000f9680000)
  from space 1024K, 0% used [0x00000000f9780000,0x00000000f9780000,0x00000000f9880000)
  to   space 1024K, 0% used [0x00000000f9680000,0x00000000f9680000,0x00000000f9780000)
 ParOldGen       total 112128K, used 37928K [0x00000000e0000000, 0x00000000e6d80000, 0x00000000f5580000)
  object space 112128K, 33% used [0x00000000e0000000,0x00000000e250a320,0x00000000e6d80000)
 Metaspace       used 83957K, capacity 90316K, committed 90624K, reserved 1128448K
  class space    used 10098K, capacity 11976K, committed 12032K, reserved 1048576K
}

Deoptimization events (10 events):
Event: 1458390.196 Thread 0x00000000003ee000 Uncommon trap: reason=class_check action=maybe_recompile pc=0x0000000004c9b97c method=java.io.PrintWriter.close()V @ 21
Event: 1458390.197 Thread 0x00000000003ee000 Uncommon trap: reason=bimorphic action=maybe_recompile pc=0x0000000003ed981c method=org.eclipse.core.internal.resources.Resource.checkLocal(II)V @ 3
Event: 1458390.200 Thread 0x00000000003ee000 Uncommon trap: reason=class_check action=maybe_recompile pc=0x00000000034264c4 method=org.eclipse.core.internal.jobs.DeadlockDetector.lockReleased(Ljava/lang/Thread;Lorg/eclipse/core/runtime/jobs/ISchedulingRule;)V @ 169
Event: 1458390.213 Thread 0x000000001a6c8800 Uncommon trap: reason=unreached action=reinterpret pc=0x000000000402da68 method=org.eclipse.core.internal.jobs.JobManager.nextJob()Lorg/eclipse/core/runtime/jobs/Job; @ 80
Event: 1458390.213 Thread 0x000000001a6c8800 Uncommon trap: reason=unreached action=reinterpret pc=0x00000000029b0124 method=org.eclipse.core.internal.jobs.WorkerPool.startJob(Lorg/eclipse/core/internal/jobs/Worker;)Lorg/eclipse/core/internal/jobs/InternalJob; @ 185
Event: 1458390.213 Thread 0x000000001a6c4000 Uncommon trap: reason=unreached action=reinterpret pc=0x000000000402da68 method=org.eclipse.core.internal.jobs.JobManager.nextJob()Lorg/eclipse/core/runtime/jobs/Job; @ 80
Event: 1458390.213 Thread 0x000000001a6c4000 Uncommon trap: reason=unreached action=reinterpret pc=0x00000000029b0124 method=org.eclipse.core.internal.jobs.WorkerPool.startJob(Lorg/eclipse/core/internal/jobs/Worker;)Lorg/eclipse/core/internal/jobs/InternalJob; @ 185
Event: 1458390.213 Thread 0x000000001a6bf800 Uncommon trap: reason=unreached action=reinterpret pc=0x000000000402da68 method=org.eclipse.core.internal.jobs.JobManager.nextJob()Lorg/eclipse/core/runtime/jobs/Job; @ 80
Event: 1458390.213 Thread 0x000000001a6bf800 Uncommon trap: reason=unreached action=reinterpret pc=0x00000000029b0124 method=org.eclipse.core.internal.jobs.WorkerPool.startJob(Lorg/eclipse/core/internal/jobs/Worker;)Lorg/eclipse/core/internal/jobs/InternalJob; @ 185
Event: 1458390.261 Thread 0x00000000003ee000 Uncommon trap: reason=unreached action=reinterpret pc=0x00000000041ae094 method=sun.reflect.UnsafeStaticObjectFieldAccessorImpl.set(Ljava/lang/Object;Ljava/lang/Object;)V @ 13

Internal exceptions (10 events):
Event: 1458389.292 Thread 0x000000001adff000 Exception <a 'java/lang/InterruptedException'> (0x00000000f60278b0) thrown at [D:\re\workspace\8-2-build-windows-amd64-cygwin\jdk8u25\1677\hotspot\src\share\vm\runtime\objectMonitor.cpp, line 1682]
Event: 1458389.455 Thread 0x00000000003ee000 Implicit null exception at 0x00000000041fbc49 to 0x00000000041fbf6d
Event: 1458389.542 Thread 0x00000000003ee000 Implicit null exception at 0x0000000004c20467 to 0x0000000004c21545
Event: 1458389.632 Thread 0x000000001ae06800 Exception <a 'java/lang/InterruptedException'> (0x00000000f70f5d60) thrown at [D:\re\workspace\8-2-build-windows-amd64-cygwin\jdk8u25\1677\hotspot\src\share\vm\runtime\objectMonitor.cpp, line 1682]
Event: 1458390.177 Thread 0x00000000003ee000 Implicit null exception at 0x0000000002caa0bf to 0x0000000002cab515
Event: 1458390.223 Thread 0x0000000016b43800 Exception <a 'java/lang/InterruptedException': sleep interrupted> (0x00000000f73fb640) thrown at [D:\re\workspace\8-2-build-windows-amd64-cygwin\jdk8u25\1677\hotspot\src\share\vm\prims\jvm.cpp, line 3141]
Event: 1458390.224 Thread 0x000000001abbf800 Exception <a 'java/lang/InterruptedException'> (0x00000000f722a598) thrown at [D:\re\workspace\8-2-build-windows-amd64-cygwin\jdk8u25\1677\hotspot\src\share\vm\runtime\objectMonitor.cpp, line 1682]
Event: 1458390.225 Thread 0x00000000169d6800 Exception <a 'java/lang/InterruptedException'> (0x00000000f7401aa0) thrown at [D:\re\workspace\8-2-build-windows-amd64-cygwin\jdk8u25\1677\hotspot\src\share\vm\runtime\objectMonitor.cpp, line 1682]
Event: 1458390.260 Thread 0x0000000016d55800 Exception <a 'java/lang/InterruptedException'> (0x00000000f73fb3b0) thrown at [D:\re\workspace\8-2-build-windows-amd64-cygwin\jdk8u25\1677\hotspot\src\share\vm\runtime\objectMonitor.cpp, line 1682]
Event: 1458390.261 Thread 0x00000000003ee000 Implicit null exception at 0x00000000041adbfb to 0x00000000041ae085

Events (10 events):
Event: 1458390.261 Thread 0x00000000003ee000 DEOPT PACKING pc=0x00000000041ae094 sp=0x000000000013eae0
Event: 1458390.261 Thread 0x00000000003ee000 DEOPT UNPACKING pc=0x000000000229556a sp=0x000000000013ea38 mode 2
Event: 1458390.261 Thread 0x0000000016dc6800 Thread exited: 0x0000000016dc6800
Event: 1458390.261 loading class java/util/IdentityHashMap$KeyIterator
Event: 1458390.261 loading class java/util/IdentityHashMap$IdentityHashMapIterator
Event: 1458390.262 loading class java/util/IdentityHashMap$IdentityHashMapIterator done
Event: 1458390.262 loading class java/util/IdentityHashMap$KeyIterator done
Event: 1458390.262 Thread 0x000000001a6bf800 Thread added: 0x000000001a6bf800
Event: 1458390.262 Thread 0x000000001a6bf800 Thread exited: 0x000000001a6bf800
Event: 1458390.263 Executing VM operation: Exit


Dynamic libraries:
0x0000000000400000 - 0x000000000044f000 	C:\Xilinx\SDK\2015.2\eclipse\win64.o\eclipse.exe
0x00007ffc78550000 - 0x00007ffc786fc000 	C:\Windows\SYSTEM32\ntdll.dll
0x00007ffc76ae0000 - 0x00007ffc76c1e000 	C:\Windows\system32\KERNEL32.DLL
0x00007ffc75ac0000 - 0x00007ffc75bd5000 	C:\Windows\system32\KERNELBASE.dll
0x00007ffc76620000 - 0x00007ffc76797000 	C:\Windows\system32\USER32.dll
0x00007ffc73720000 - 0x00007ffc7399a000 	C:\Windows\WinSxS\amd64_microsoft.windows.common-controls_6595b64144ccf1df_6.0.9600.17810_none_6240b9c7ecbd0bda\COMCTL32.dll
0x00007ffc767c0000 - 0x00007ffc7686a000 	C:\Windows\system32\msvcrt.dll
0x00007ffc76c80000 - 0x00007ffc76dcf000 	C:\Windows\system32\GDI32.dll
0x00007ffc769d0000 - 0x00007ffc76a06000 	C:\Windows\system32\IMM32.DLL
0x00007ffc75e00000 - 0x00007ffc75f52000 	C:\Windows\system32\MSCTF.dll
0x0000000072000000 - 0x0000000072012000 	C:\Xilinx\SDK\2015.2\eclipse\win64.o\plugins\org.eclipse.equinox.launcher.win32.win32.x86_64_1.1.200.v20140116-2212\eclipse_1503.dll
0x00007ffc75f60000 - 0x00007ffc7600a000 	C:\Windows\system32\ADVAPI32.dll
0x00007ffc739a0000 - 0x00007ffc739aa000 	C:\Windows\SYSTEM32\VERSION.dll
0x00007ffc76dd0000 - 0x00007ffc76e29000 	C:\Windows\SYSTEM32\sechost.dll
0x00007ffc76880000 - 0x00007ffc769c1000 	C:\Windows\system32\RPCRT4.dll
0x00007ffc74320000 - 0x00007ffc74449000 	C:\Windows\system32\uxtheme.dll
0x00007ffc76400000 - 0x00007ffc76611000 	C:\Windows\SYSTEM32\combase.dll
0x0000000056410000 - 0x0000000056c6a000 	C:\Xilinx\SDK\2015.2\tps\win64\jre\bin\server\jvm.dll
0x00007ffc692d0000 - 0x00007ffc692d9000 	C:\Windows\SYSTEM32\WSOCK32.dll
0x00007ffc68a70000 - 0x00007ffc68a92000 	C:\Windows\SYSTEM32\WINMM.dll
0x00007ffc76ad0000 - 0x00007ffc76ad7000 	C:\Windows\system32\PSAPI.DLL
0x0000000058f30000 - 0x0000000059002000 	C:\Windows\SYSTEM32\MSVCR100.dll
0x00007ffc76fd0000 - 0x00007ffc7702a000 	C:\Windows\system32\WS2_32.dll
0x00007ffc68a20000 - 0x00007ffc68a4a000 	C:\Windows\SYSTEM32\WINMMBASE.dll
0x00007ffc75be0000 - 0x00007ffc75be9000 	C:\Windows\system32\NSI.dll
0x00007ffc75a10000 - 0x00007ffc75a5f000 	C:\Windows\SYSTEM32\cfgmgr32.dll
0x00007ffc744d0000 - 0x00007ffc744f8000 	C:\Windows\SYSTEM32\DEVOBJ.dll
0x0000000059f10000 - 0x0000000059f1f000 	C:\Xilinx\SDK\2015.2\tps\win64\jre\bin\verify.dll
0x0000000058720000 - 0x0000000058748000 	C:\Xilinx\SDK\2015.2\tps\win64\jre\bin\java.dll
0x00000000562c0000 - 0x00000000562d6000 	C:\Xilinx\SDK\2015.2\tps\win64\jre\bin\zip.dll
0x00007ffc77030000 - 0x00007ffc78549000 	C:\Windows\system32\SHELL32.dll
0x00007ffc76c20000 - 0x00007ffc76c74000 	C:\Windows\system32\SHLWAPI.dll
0x00007ffc73e60000 - 0x00007ffc73f12000 	C:\Windows\SYSTEM32\SHCORE.dll
0x00007ffc756b0000 - 0x00007ffc756c5000 	C:\Windows\SYSTEM32\profapi.dll
0x00007ffc74f70000 - 0x00007ffc74f90000 	C:\Windows\SYSTEM32\CRYPTSP.dll
0x00007ffc74bb0000 - 0x00007ffc74be6000 	C:\Windows\system32\rsaenh.dll
0x00007ffc751d0000 - 0x00007ffc751f6000 	C:\Windows\SYSTEM32\bcrypt.dll
0x00007ffc74e70000 - 0x00007ffc74e91000 	C:\Windows\SYSTEM32\USERENV.dll
0x00007ffc75510000 - 0x00007ffc75573000 	C:\Windows\system32\bcryptprimitives.dll
0x00007ffc75580000 - 0x00007ffc7558b000 	C:\Windows\SYSTEM32\CRYPTBASE.dll
0x00000000562a0000 - 0x00000000562ba000 	C:\Xilinx\SDK\2015.2\tps\win64\jre\bin\net.dll
0x00007ffc74f10000 - 0x00007ffc74f69000 	C:\Windows\system32\mswsock.dll
0x00007ffc6f110000 - 0x00007ffc6f13a000 	C:\Windows\SYSTEM32\IPHLPAPI.DLL
0x00007ffc6f100000 - 0x00007ffc6f10a000 	C:\Windows\SYSTEM32\WINNSI.DLL
0x00007ffc6ee90000 - 0x00007ffc6eea6000 	C:\Windows\SYSTEM32\dhcpcsvc6.DLL
0x00007ffc6ee00000 - 0x00007ffc6ee1a000 	C:\Windows\SYSTEM32\dhcpcsvc.DLL
0x0000000056280000 - 0x0000000056291000 	C:\Xilinx\SDK\2015.2\tps\win64\jre\bin\nio.dll
0x00007ffc75c60000 - 0x00007ffc75df4000 	C:\Windows\system32\ole32.dll
0x00007ffc744a0000 - 0x00007ffc744ab000 	C:\Windows\SYSTEM32\kernel.appcore.dll
0x00007ffc6db90000 - 0x00007ffc6dba5000 	C:\Windows\system32\napinsp.dll
0x00007ffc6dbb0000 - 0x00007ffc6dbca000 	C:\Windows\system32\pnrpnsp.dll
0x00007ffc70b30000 - 0x00007ffc70b4b000 	C:\Windows\system32\NLAapi.dll
0x00007ffc74c90000 - 0x00007ffc74d34000 	C:\Windows\SYSTEM32\DNSAPI.dll
0x00007ffc6dbd0000 - 0x00007ffc6dbdd000 	C:\Windows\System32\winrnr.dll
0x00007ffc6e1b0000 - 0x00007ffc6e1ba000 	C:\Windows\System32\rasadhlp.dll
0x00007ffc6eeb0000 - 0x00007ffc6ef1b000 	C:\Windows\System32\fwpuclnt.dll
0x0000000018c70000 - 0x0000000018d18000 	C:\Users\mskreen.NI\.Xilinx\SDK\2015.2\org.eclipse.osgi\bundles\287\1\.cp\swt-win32-4335.dll
0x00007ffc76e30000 - 0x00007ffc76ef1000 	C:\Windows\system32\OLEAUT32.dll
0x00007ffc76a10000 - 0x00007ffc76ac6000 	C:\Windows\system32\comdlg32.dll
0x00007ffc6bce0000 - 0x00007ffc6bd62000 	C:\Windows\SYSTEM32\WINSPOOL.DRV
0x00007ffc71ef0000 - 0x00007ffc71f06000 	C:\Windows\SYSTEM32\USP10.dll
0x00007ffc6d1d0000 - 0x00007ffc6d42a000 	C:\Windows\SYSTEM32\WININET.dll
0x00007ffc75830000 - 0x00007ffc75a0f000 	C:\Windows\system32\CRYPT32.dll
0x00007ffc6d430000 - 0x00007ffc6d6f7000 	C:\Windows\SYSTEM32\iertutil.dll
0x00007ffc75760000 - 0x00007ffc75771000 	C:\Windows\system32\MSASN1.dll
0x00007ffc73c60000 - 0x00007ffc73c81000 	C:\Windows\system32\dwmapi.dll
0x00007ffc70da0000 - 0x00007ffc70f1f000 	C:\Windows\SYSTEM32\propsys.dll
0x00007ffc76f00000 - 0x00007ffc76fb6000 	C:\Windows\SYSTEM32\clbcatq.dll
0x000000001a120000 - 0x000000001a13e000 	C:\Users\mskreen.NI\.Xilinx\SDK\2015.2\org.eclipse.osgi\bundles\287\1\.cp\swt-gdip-win32-4335.dll
0x00007ffc66840000 - 0x00007ffc669f0000 	C:\Windows\WinSxS\amd64_microsoft.windows.gdiplus_6595b64144ccf1df_1.1.9600.17415_none_932b3b5547500489\gdiplus.dll
0x00007ffc730c0000 - 0x00007ffc7326e000 	C:\Windows\SYSTEM32\WindowsCodecs.dll
0x0000000180000000 - 0x0000000180012000 	C:\Users\mskreen.NI\.Xilinx\SDK\2015.2\org.eclipse.osgi\bundles\113\1\.cp\os\win32\x86_64\localfile_1_0_0.dll
0x00007ffc71fa0000 - 0x00007ffc71fb1000 	C:\Users\mskreen.NI\.Xilinx\SDK\2015.2\org.eclipse.osgi\bundles\116\1\.cp\jWinHttp-1.0.0.dll
0x00007ffc70f90000 - 0x00007ffc71059000 	C:\Windows\SYSTEM32\WINHTTP.dll
0x00007ffc72900000 - 0x00007ffc7296a000 	C:\Windows\SYSTEM32\oleacc.dll
0x00007ffc6f3f0000 - 0x00007ffc6f3f7000 	C:\Windows\SYSTEM32\msimg32.dll
0x00007ffc6faf0000 - 0x00007ffc6fb00000 	C:\Xilinx\SDK\2015.2\lib\win64.o\librdi_repo_manager.dll
0x00007ffc648b0000 - 0x00007ffc648da000 	C:\Xilinx\SDK\2015.2\lib\win64.o\libisl_sysinfo.dll
0x00007ffc2e560000 - 0x00007ffc2eea3000 	C:\Xilinx\SDK\2015.2\lib\win64.o\librdi_common.dll
0x00007ffc61ec0000 - 0x00007ffc61f14000 	C:\Xilinx\SDK\2015.2\lib\win64.o\librdi_commonxillic.dll
0x00007ffc2d140000 - 0x00007ffc2d328000 	C:\Xilinx\SDK\2015.2\lib\win64.o\librdi_hsm.dll
0x00007ffc6c380000 - 0x00007ffc6c427000 	C:\Windows\SYSTEM32\MSVCP110.dll
0x00007ffc6c2a0000 - 0x00007ffc6c374000 	C:\Windows\SYSTEM32\MSVCR110.dll
0x00007ffc59ec0000 - 0x00007ffc5a168000 	C:\Xilinx\SDK\2015.2\lib\win64.o\libCOIN-all.dll
0x00007ffc59ca0000 - 0x00007ffc59ec0000 	C:\Xilinx\SDK\2015.2\lib\win64.o\libXil_lmgr11.dll
0x00007ffc72c00000 - 0x00007ffc72c10000 	C:\Xilinx\SDK\2015.2\lib\win64.o\libboost_date_time.dll
0x00007ffc6fb00000 - 0x00007ffc6fb22000 	C:\Xilinx\SDK\2015.2\lib\win64.o\libboost_filesystem.dll
0x00007ffc648e0000 - 0x00007ffc64954000 	C:\Xilinx\SDK\2015.2\lib\win64.o\libboost_program_options.dll
0x00007ffc62030000 - 0x00007ffc6212a000 	C:\Xilinx\SDK\2015.2\lib\win64.o\libboost_regex.dll
0x00007ffc70350000 - 0x00007ffc70363000 	C:\Xilinx\SDK\2015.2\lib\win64.o\libboost_signals.dll
0x00007ffc71e10000 - 0x00007ffc71e19000 	C:\Xilinx\SDK\2015.2\lib\win64.o\libboost_system.dll
0x00007ffc70290000 - 0x00007ffc702ad000 	C:\Xilinx\SDK\2015.2\lib\win64.o\libboost_thread.dll
0x00007ffc61fb0000 - 0x00007ffc62030000 	C:\Xilinx\SDK\2015.2\lib\win64.o\libhdlpsolve.dll
0x00007ffc61c50000 - 0x00007ffc61cea000 	C:\Xilinx\SDK\2015.2\lib\win64.o\libhdxml.dll
0x00007ffc2df50000 - 0x00007ffc2e55a200 	C:\Xilinx\SDK\2015.2\lib\win64.o\libisl_iostreams.dll
0x00007ffc6f8e0000 - 0x00007ffc6f903000 	C:\Xilinx\SDK\2015.2\lib\win64.o\libisl_iosutils.dll
0x00007ffc71ed0000 - 0x00007ffc71ee5000 	C:\Xilinx\SDK\2015.2\lib\win64.o\pthreadVC2.dll
0x00007ffc5b4e0000 - 0x00007ffc5b610000 	C:\Xilinx\SDK\2015.2\lib\win64.o\librdi_curl.dll
0x00007ffc701a0000 - 0x00007ffc701b8000 	C:\Xilinx\SDK\2015.2\lib\win64.o\librdiconfig.dll
0x00007ffc64880000 - 0x00007ffc648a3000 	C:\Xilinx\SDK\2015.2\lib\win64.o\librdizlib.dll
0x00000000562e0000 - 0x0000000056407000 	C:\Xilinx\SDK\2015.2\lib\win64.o\tcl85t.dll
0x0000000022690000 - 0x00000000228f3000 	C:\Xilinx\SDK\2015.2\lib\win64.o\xerces-c_3_1.dll
0x00007ffc6d700000 - 0x00007ffc6d885000 	C:\Windows\SYSTEM32\urlmon.dll
0x00007ffc55bb0000 - 0x00007ffc55bd3000 	C:\Windows\SYSTEM32\VCOMP110.DLL
0x00007ffc61c00000 - 0x00007ffc61c43000 	C:\Xilinx\SDK\2015.2\lib\win64.o\librdi_hdf.dll
0x00007ffc2cf80000 - 0x00007ffc2d13a000 	C:\Xilinx\SDK\2015.2\lib\win64.o\librdi_ippcw.dll
0x00007ffc70820000 - 0x00007ffc70836000 	C:\Windows\SYSTEM32\NETAPI32.dll
0x00007ffc75a60000 - 0x00007ffc75ab1000 	C:\Windows\system32\WINTRUST.dll
0x00007ffc6fb90000 - 0x00007ffc6fb9b000 	C:\Xilinx\SDK\2015.2\lib\win64.o\libboost_chrono.dll
0x00007ffc66150000 - 0x00007ffc66166000 	C:\Xilinx\SDK\2015.2\lib\win64.o\libboost_iostreams.dll
0x00007ffc75150000 - 0x00007ffc7515c000 	C:\Windows\SYSTEM32\netutils.dll
0x00007ffc752f0000 - 0x00007ffc75316000 	C:\Windows\SYSTEM32\srvcli.dll
0x00007ffc73700000 - 0x00007ffc73717000 	C:\Windows\SYSTEM32\wkscli.dll
0x00007ffc63360000 - 0x00007ffc6337c000 	C:\Xilinx\SDK\2015.2\lib\win64.o\librdi_hw_platform.dll
0x00007ffc2db40000 - 0x00007ffc2df4a000 	C:\Xilinx\SDK\2015.2\lib\win64.o\librdi_commontasks.dll
0x00007ffc2d330000 - 0x00007ffc2db40000 	C:\Xilinx\SDK\2015.2\lib\win64.o\libXil_lmgr11FNP.dll
0x00007ffc66f50000 - 0x00007ffc66f5c000 	C:\Windows\SYSTEM32\snmpapi.dll
0x00007ffc761c0000 - 0x00007ffc7639a000 	C:\Windows\system32\SETUPAPI.dll
0x00007ffc754e0000 - 0x00007ffc7550e000 	C:\Windows\SYSTEM32\SspiCli.dll
0x00007ffc54f60000 - 0x00007ffc54f63000 	C:\Windows\SYSTEM32\icmp.Dll
0x00007ffc5a3a0000 - 0x00007ffc5a735000 	C:\Xilinx\SDK\2015.2\lib\win64.o\librdi_hsmtasks.dll
0x0000000071080000 - 0x00000000710a6000 	C:\Xilinx\SDK\2015.2\eclipse\win64.o\plugins\gnu.io.rxtx.win32.x86_64_2.1.7.3_v20071015\os\win32\x86_64\rxtxSerial.dll
0x00007ffc61bc0000 - 0x00007ffc61bd6000 	C:\Xilinx\SDK\2015.2\eclipse\win64.o\plugins\org.eclipse.cdt.core.win32.x86_64_5.2.0.201402142303\os\win32\x86_64\spawner.dll
0x00007ffc6c0f0000 - 0x00007ffc6c0fa000 	C:\Xilinx\SDK\2015.2\lib\win64.o\librdi_jtag_settings.dll
0x00007ffc61b90000 - 0x00007ffc61bb9000 	C:\Xilinx\SDK\2015.2\lib\win64.o\librdi_debug_dialog.dll
0x00007ffc6bbf0000 - 0x00007ffc6bbf8000 	C:\Xilinx\SDK\2015.2\lib\win64.o\librdi_target_manager.dll
0x00007ffc67190000 - 0x00007ffc6719f000 	C:\Xilinx\SDK\2015.2\lib\win64.o\librdi_swdb.dll
0x00007ffc5a2b0000 - 0x00007ffc5a2cb000 	C:\Xilinx\SDK\2015.2\lib\win64.o\librdi_sw_platform.dll

VM Arguments:
jvm_args: -Dcom.xilinx.sdk.args.hwspec=C:/Users/mskreen.NI/OneDrive/Digilent/Arty/Mb_Server/Mb_Server.sdk/Mb_Server_wrapper.hdf -Xms64m -Xmx512m & 
java_command: <unknown>
java_class_path (initial): C:\Xilinx\SDK\2015.2\eclipse\win64.o\\plugins/org.eclipse.equinox.launcher_1.3.0.v20130327-1440.jar
Launcher Type: generic

Environment Variables:
PATH=C:/Xilinx/SDK/2015.2/tps/win64/jre/bin/server;C:/Xilinx/SDK/2015.2/tps/win64/jre/bin;C:/Xilinx/SDK/2015.2/tps/win64/jre/lib/amd64;C:\Xilinx\SDK\2015.2\gnuwin\bin;C:\Xilinx\SDK\2015.2\gnu\microblaze\nt\bin;C:\Xilinx\SDK\2015.2\gnu\microblaze\linux_toolchain\nt64_le\bin;C:\Xilinx\SDK\2015.2\gnu\microblaze\linux_toolchain\nt64_be\bin;C:\Xilinx\SDK\2015.2\gnu\arm\nt\bin;C:\Xilinx\SDK\2015.2\gnu\aarch64\nt\aarch64-none\bin;C:\Xilinx\SDK\2015.2\gnu\aarch64\nt\aarch64-linux\bin;C:\Xilinx\SDK\2015.2\gnu\armr5\nt\gcc-arm-none-eabi\bin;C:\Xilinx\SDK\2015.2\gnu\aarch32\nt\gcc-arm-none-eabi\bin;C:\Xilinx\SDK\2015.2\gnu\aarch32\nt\gcc-arm-linux-gnueabi\bin;C:\Xilinx\SDK\2015.2\bin;C:\Xilinx\SDK\2015.2\lib\win64.o;C:\Xilinx\SDK\2015.2\tps\win64\jre\bin\server;C:\Xilinx\SDK\2015.2\tps\win64\jre\bin;C:\Xilinx\SDK\2015.2\bin;C:\Xilinx\SDK\2015.2\bin;C:\Xilinx\Vivado\2015.2\ids_lite\ISE\bin\nt64;C:\Xilinx\Vivado\2015.2\ids_lite\ISE\lib\nt64;C:\Xilinx\Vivado\2015.2\bin;C:\Xilinx\Vivado\2015.2\lib\win64.o;C:\Xilinx\Vivado\2015.2\tps\win64\jre\bin\server;C:\Xilinx\Vivado\2015.2\tps\win64\jre\bin;C:\Xilinx\SDK\2015.2\bin;C:\Xilinx\Vivado\2015.2\ids_lite\ISE\bin\nt64;C:\Xilinx\Vivado\2015.2\ids_lite\ISE\lib\nt64;C:\Xilinx\Vivado_HLS\2015.2\bin;C:\ProgramData\Oracle\Java\javapath;C:\Windows\system32;C:\Windows;C:\Windows\System32\Wbem;C:\Windows\System32\WindowsPowerShell\v1.0\;c:\Users\mskreen.NI\OneDrive\Digilent\Arty\Arty_Microblaze_Server;
USERNAME=mskreen
OS=Windows_NT
PROCESSOR_IDENTIFIER=Intel64 Family 6 Model 60 Stepping 3, GenuineIntel



---------------  S Y S T E M  ---------------

OS: Windows 8 , 64 bit Build 9200 

CPU:total 8 (4 cores per cpu, 2 threads per core) family 6 model 60 stepping 3, cmov, cx8, fxsr, mmx, sse, sse2, sse3, ssse3, sse4.1, sse4.2, popcnt, avx, avx2, aes, clmul, erms, lzcnt, ht, tsc, tscinvbit, bmi1, bmi2

Memory: 4k page, physical 16446400k(9298920k free), swap 18936768k(8624500k free)

vm_info: Java HotSpot(TM) 64-Bit Server VM (25.25-b02) for windows-amd64 JRE (1.8.0_25-b18), built on Oct  7 2014 14:25:37 by "java_re" with MS VC++ 10.0 (VS2010)

time: Thu Nov 05 13:50:25 2015
elapsed time: 1458390 seconds (16d 21h 6m 30s)

