13:58:26 INFO  : Launching XSDB server: xsdb.bat -s C:/Xilinx/SDK/2015.2/scripts/xsdb/xsdb/xsdb-server.tcl
13:58:26 INFO  : Processing command line option -hwspec C:/work/vivado/15_2/Arty/AddressableLEDs/AddressableLEDs.sdk/design_1_wrapper.hdf.
13:58:29 INFO  : XSDB server has started successfully.
14:00:33 ERROR : Checking FPGA configuration failed..Connection to Board Failed


    Unknown Error Occured
    Cable is not connected to the host

14:00:33 ERROR : Unexpected error while launching program.
com.xilinx.sdk.targetmanager.TMException: Connection to Board Failed


    Unknown Error Occured
    Cable is not connected to the host

	at com.xilinx.sdk.targetmanager.internal.TM.isFPGAConfigured(TM.java:372)
	at com.xilinx.sdk.debug.core.XilinxAppLaunchConfigurationDelegate.isFpgaConfigured(XilinxAppLaunchConfigurationDelegate.java:381)
	at com.xilinx.sdk.debug.core.XilinxAppLaunchConfigurationDelegate.launch(XilinxAppLaunchConfigurationDelegate.java:290)
	at com.xilinx.sdk.debug.ui.XilinxAppLaunchDelegateWrapper.launch(XilinxAppLaunchDelegateWrapper.java:31)
	at org.eclipse.debug.internal.core.LaunchConfiguration.launch(LaunchConfiguration.java:858)
	at org.eclipse.debug.internal.core.LaunchConfiguration.launch(LaunchConfiguration.java:707)
	at org.eclipse.debug.internal.ui.DebugUIPlugin.buildAndLaunch(DebugUIPlugin.java:1018)
	at org.eclipse.debug.internal.ui.DebugUIPlugin$8.run(DebugUIPlugin.java:1222)
	at org.eclipse.core.internal.jobs.Worker.run(Worker.java:53)
14:01:12 INFO  : Connected to target on host '127.0.0.1' and port '3121'.
14:01:12 INFO  : 'targets -set -filter {jtag_cable_name =~ "Digilent Arty 210319722169A" && level==0} -index 0' command is executed.
14:01:13 INFO  : FPGA configured successfully with bitstream "C:/work/vivado/15_2/Arty/AddressableLEDs/AddressableLEDs.sdk/design_1_wrapper_hw_platform_0/download.bit"
14:01:19 INFO  : Processor reset is completed for microblaze_0
14:06:57 ERROR : Unexpected error while parsing XMD response ?: com.google.gson.JsonSyntaxException: com.google.gson.stream.MalformedJsonException: invalid number or unquoted string near 
