Copyright 1986-2015 Xilinx, Inc. All Rights Reserved.
---------------------------------------------------------------------------------------------
| Tool Version : Vivado v.2015.2.1 (win64) Build 1302555 Wed Aug  5 13:06:02 MDT 2015
| Date         : Thu Feb 04 13:56:46 2016
| Host         : WK115 running 64-bit major release  (build 9200)
| Command      : report_control_sets -verbose -file design_1_wrapper_control_sets_placed.rpt
| Design       : design_1_wrapper
| Device       : xc7a35ti
---------------------------------------------------------------------------------------------

Control Set Information

Table of Contents
-----------------
1. Summary
2. Flip-Flop Distribution
3. Detailed Control Set Information

1. Summary
----------

+-------------------------------------------------------------------+-------+
|                               Status                              | Count |
+-------------------------------------------------------------------+-------+
| Number of unique control sets                                     |    63 |
| Minimum Number of register sites lost to control set restrictions |   173 |
+-------------------------------------------------------------------+-------+


2. Flip-Flop Distribution
-------------------------

+--------------+-----------------------+------------------------+-----------------+--------------+
| Clock Enable | Synchronous Set/Reset | Asynchronous Set/Reset | Total Registers | Total Slices |
+--------------+-----------------------+------------------------+-----------------+--------------+
| No           | No                    | No                     |             265 |          107 |
| No           | No                    | Yes                    |              29 |            8 |
| No           | Yes                   | No                     |             295 |          129 |
| Yes          | No                    | No                     |             287 |          108 |
| Yes          | No                    | Yes                    |              22 |           10 |
| Yes          | Yes                   | No                     |             617 |          198 |
+--------------+-----------------------+------------------------+-----------------+--------------+


3. Detailed Control Set Information
-----------------------------------

+--------------------------------------+--------------------------------------------------------------------------------------------------------------------------------------------------------------------------------------------------------------------------+--------------------------------------------------------------------------------------------------------------------------------+------------------+----------------+
|             Clock Signal             |                                                                                                       Enable Signal                                                                                                      |                                                        Set/Reset Signal                                                        | Slice Load Count | Bel Load Count |
+--------------------------------------+--------------------------------------------------------------------------------------------------------------------------------------------------------------------------------------------------------------------------+--------------------------------------------------------------------------------------------------------------------------------+------------------+----------------+
|  design_1_i/mdm_1/U0/Ext_JTAG_UPDATE | design_1_i/microblaze_0/U0/MicroBlaze_Core_I/Performance.Core/Use_Debug_Logic.Master_Core.Debug_Perf/Control_Reg_En                                                                                                      | design_1_i/microblaze_0/U0/MicroBlaze_Core_I/Performance.Core/Use_Debug_Logic.Master_Core.Debug_Perf/normal_stop_cmd_i_reg_n_0 |                1 |              1 |
|  design_1_i/mdm_1/U0/Ext_JTAG_UPDATE | design_1_i/microblaze_0/U0/MicroBlaze_Core_I/Performance.Core/Use_Debug_Logic.Master_Core.Debug_Perf/Control_Reg_En                                                                                                      | design_1_i/microblaze_0/U0/MicroBlaze_Core_I/Performance.Core/Use_Debug_Logic.Master_Core.Debug_Perf/continue_from_brk_reg_n_0 |                1 |              1 |
|  design_1_i/mdm_1/U0/Ext_JTAG_UPDATE | design_1_i/microblaze_0/U0/MicroBlaze_Core_I/Performance.Core/Use_Debug_Logic.Master_Core.Debug_Perf/Control_Reg_En                                                                                                      | design_1_i/microblaze_0/U0/MicroBlaze_Core_I/Performance.Core/Use_Debug_Logic.Master_Core.Debug_Perf/force_stop_cmd_i_reg_n_0  |                1 |              1 |
|  design_1_i/mdm_1/U0/Ext_JTAG_UPDATE | design_1_i/microblaze_0/U0/MicroBlaze_Core_I/Performance.Core/Use_Debug_Logic.Master_Core.Debug_Perf/Control_Reg_En                                                                                                      | design_1_i/microblaze_0/U0/MicroBlaze_Core_I/Performance.Core/Use_Debug_Logic.Master_Core.Debug_Perf/start_single_step_reg_n_0 |                1 |              1 |
| ~design_1_i/mdm_1/U0/Ext_JTAG_UPDATE |                                                                                                                                                                                                                          | design_1_i/mdm_1/U0/MDM_Core_I1/JTAG_CONTROL_I/Insert_Delays[0].LUT_Delay_i_1_n_0                                              |                1 |              1 |
|  design_1_i/clk_wiz_1/inst/clk_out1  |                                                                                                                                                                                                                          | design_1_i/microblaze_0/U0/MicroBlaze_Core_I/Performance.Core/Use_Debug_Logic.Master_Core.Debug_Perf/capture_1                 |                1 |              1 |
| ~design_1_i/mdm_1/U0/Ext_JTAG_DRCK   | design_1_i/mdm_1/U0/MDM_Core_I1/JTAG_CONTROL_I/CE                                                                                                                                                                        | design_1_i/mdm_1/U0/MDM_Core_I1/JTAG_CONTROL_I/D                                                                               |                1 |              1 |
|  design_1_i/mdm_1/U0/Ext_JTAG_UPDATE | design_1_i/microblaze_0/U0/MicroBlaze_Core_I/Performance.Core/Use_Debug_Logic.Master_Core.Debug_Perf/Command_Reg_En                                                                                                      | design_1_i/microblaze_0/U0/MicroBlaze_Core_I/Performance.Core/Use_Debug_Logic.Master_Core.Debug_Perf/command_reg_clear         |                1 |              2 |
|  design_1_i/clk_wiz_1/inst/clk_out1  | design_1_i/DigiLED_0/inst/DigiLED_v1_0_S00_AXI_inst/led_driver/state[1]_i_1_n_0                                                                                                                                          | design_1_i/DigiLED_0/inst/DigiLED_v1_0_S00_AXI_inst/led_driver/internal_reset                                                  |                1 |              2 |
|  design_1_i/mdm_1/U0/Ext_JTAG_UPDATE |                                                                                                                                                                                                                          |                                                                                                                                |                2 |              3 |
|  design_1_i/mdm_1/U0/Ext_JTAG_UPDATE | design_1_i/mdm_1/U0/MDM_Core_I1/MDM_SEL                                                                                                                                                                                  | design_1_i/mdm_1/U0/MDM_Core_I1/sel_n_reset                                                                                    |                1 |              4 |
|  design_1_i/mdm_1/U0/Ext_JTAG_UPDATE | design_1_i/microblaze_0/U0/MicroBlaze_Core_I/Performance.Core/Use_Debug_Logic.Master_Core.Debug_Perf/Control_Reg_En                                                                                                      |                                                                                                                                |                4 |              4 |
| ~design_1_i/mdm_1/U0/Ext_JTAG_UPDATE |                                                                                                                                                                                                                          | design_1_i/mdm_1/U0/MDM_Core_I1/sel_n_reset                                                                                    |                1 |              4 |
|  design_1_i/clk_wiz_1/inst/clk_out1  |                                                                                                                                                                                                                          | design_1_i/rst_clk_wiz_1_100M/U0/bus_struct_reset[0]                                                                           |                2 |              4 |
|  design_1_i/mdm_1/U0/Ext_JTAG_DRCK   | design_1_i/mdm_1/U0/MDM_Core_I1/TDI_Shifter0                                                                                                                                                                             | design_1_i/mdm_1/U0/MDM_Core_I1/sel_n_reset                                                                                    |                1 |              4 |
|  design_1_i/clk_wiz_1/inst/clk_out1  |                                                                                                                                                                                                                          | design_1_i/axi_gpio_0/U0/gpio_core_1/Read_Reg_Rst                                                                              |                2 |              4 |
|  design_1_i/clk_wiz_1/inst/clk_out1  |                                                                                                                                                                                                                          | design_1_i/axi_gpio_0/U0/AXI_LITE_IPIF_I/I_SLAVE_ATTACHMENT/INCLUDE_DPHASE_TIMER.dpto_cnt[3]_i_1_n_0                           |                2 |              4 |
|  design_1_i/clk_wiz_1/inst/clk_out1  | design_1_i/axi_gpio_0/U0/AXI_LITE_IPIF_I/I_SLAVE_ATTACHMENT/s_axi_rdata_i[3]_i_1_n_0                                                                                                                                     | design_1_i/axi_gpio_0/U0/AXI_LITE_IPIF_I/I_SLAVE_ATTACHMENT/SR                                                                 |                2 |              4 |
|  design_1_i/clk_wiz_1/inst/clk_out1  | design_1_i/axi_gpio_0/U0/AXI_LITE_IPIF_I/I_SLAVE_ATTACHMENT/I_DECODER/Not_Dual.gpio_OE_reg[0][0]                                                                                                                         | design_1_i/axi_gpio_0/U0/AXI_LITE_IPIF_I/I_SLAVE_ATTACHMENT/SR                                                                 |                1 |              4 |
|  design_1_i/clk_wiz_1/inst/clk_out1  |                                                                                                                                                                                                                          | design_1_i/rst_clk_wiz_1_100M/U0/EXT_LPF/lpf_int                                                                               |                1 |              5 |
|  design_1_i/clk_wiz_1/inst/clk_out1  | design_1_i/microblaze_0/U0/MicroBlaze_Core_I/Performance.Core/Decode_I/WB_Halted                                                                                                                                         | design_1_i/microblaze_0/U0/MicroBlaze_Core_I/Reset_DFF/sync[2]                                                                 |                2 |              5 |
|  design_1_i/mdm_1/U0/Ext_JTAG_DRCK   | design_1_i/mdm_1/U0/MDM_Core_I1/JTAG_CONTROL_I/count[0]__0_i_1_n_0                                                                                                                                                       |                                                                                                                                |                2 |              6 |
|  design_1_i/mdm_1/U0/Ext_JTAG_DRCK   | design_1_i/mdm_1/U0/MDM_Core_I1/JTAG_CONTROL_I/sample_1[15]_i_1_n_0                                                                                                                                                      |                                                                                                                                |                1 |              6 |
|  design_1_i/clk_wiz_1/inst/clk_out1  | design_1_i/DigiLED_0/inst/DigiLED_v1_0_S00_AXI_inst/axi_awready_i_2_n_0                                                                                                                                                  | design_1_i/DigiLED_0/inst/DigiLED_v1_0_S00_AXI_inst/axi_awready_i_1_n_0                                                        |                2 |              6 |
|  design_1_i/clk_wiz_1/inst/clk_out1  | design_1_i/DigiLED_0/inst/DigiLED_v1_0_S00_AXI_inst/axi_arready_i_1_n_0                                                                                                                                                  | design_1_i/DigiLED_0/inst/DigiLED_v1_0_S00_AXI_inst/axi_awready_i_1_n_0                                                        |                2 |              6 |
|  design_1_i/clk_wiz_1/inst/clk_out1  | design_1_i/DigiLED_0/inst/DigiLED_v1_0_S00_AXI_inst/led_driver/led_counter[5]_i_1_n_0                                                                                                                                    | design_1_i/DigiLED_0/inst/DigiLED_v1_0_S00_AXI_inst/led_driver/internal_reset                                                  |                2 |              6 |
|  design_1_i/clk_wiz_1/inst/clk_out1  | design_1_i/rst_clk_wiz_1_100M/U0/SEQ/seq_cnt_en                                                                                                                                                                          | design_1_i/rst_clk_wiz_1_100M/U0/SEQ/SEQ_COUNTER/clear                                                                         |                1 |              6 |
|  design_1_i/mdm_1/U0/Ext_JTAG_DRCK   | design_1_i/microblaze_0/U0/MicroBlaze_Core_I/Performance.Core/Use_Debug_Logic.Master_Core.Debug_Perf/Using_PC_Breakpoints.All_PC_Brks[0].address_hit_I/Compare[1].SRLC16E_I/Performace_Debug_Control.ex_dbg_hit_reg[0]_1 |                                                                                                                                |                7 |              8 |
|  design_1_i/mdm_1/U0/Ext_JTAG_UPDATE | design_1_i/mdm_1/U0/MDM_Core_I1/JTAG_CONTROL_I/command_1[0]_i_1_n_0                                                                                                                                                      |                                                                                                                                |                3 |              8 |
| ~design_1_i/mdm_1/U0/Ext_JTAG_UPDATE | design_1_i/mdm_1/U0/MDM_Core_I1/JTAG_CONTROL_I/command[0]_i_1_n_0                                                                                                                                                        |                                                                                                                                |                2 |              8 |
|  design_1_i/mdm_1/U0/Ext_JTAG_DRCK   | design_1_i/mdm_1/U0/MDM_Core_I1/JTAG_CONTROL_I/tdi_shifter0                                                                                                                                                              |                                                                                                                                |                2 |              8 |
|  design_1_i/clk_wiz_1/inst/clk_out1  |                                                                                                                                                                                                                          | design_1_i/microblaze_0_axi_periph/xbar/inst/gen_sasd.crossbar_sasd_0/addr_arbiter_inst/SR[0]                                  |                5 |             10 |
|  design_1_i/clk_wiz_1/inst/clk_out1  |                                                                                                                                                                                                                          | design_1_i/DigiLED_0/inst/DigiLED_v1_0_S00_AXI_inst/led_driver/delay_counter[10]_i_1_n_0                                       |                3 |             11 |
|  design_1_i/clk_wiz_1/inst/clk_out1  |                                                                                                                                                                                                                          | design_1_i/axi_gpio_0/U0/AXI_LITE_IPIF_I/I_SLAVE_ATTACHMENT/SR                                                                 |                7 |             16 |
|  design_1_i/clk_wiz_1/inst/clk_out1  | design_1_i/microblaze_0/U0/MicroBlaze_Core_I/Performance.Core/Decode_I/PreFetch_Buffer_I1/OF_Valid_DFF/E[0]                                                                                                              | design_1_i/microblaze_0/U0/MicroBlaze_Core_I/Reset_DFF/sync[2]                                                                 |                6 |             16 |
|  design_1_i/clk_wiz_1/inst/clk_out1  | design_1_i/microblaze_0/U0/MicroBlaze_Core_I/Performance.Core/Decode_I/Use_MuxCy[10].OF_Piperun_Stage/MUXCY_I/lopt_6                                                                                                     | design_1_i/microblaze_0/U0/MicroBlaze_Core_I/Reset_DFF/sync[2]                                                                 |                8 |             19 |
|  design_1_i/mdm_1/U0/Ext_JTAG_DRCK   |                                                                                                                                                                                                                          | design_1_i/mdm_1/U0/MDM_Core_I1/shift_n_reset                                                                                  |                5 |             23 |
|  design_1_i/clk_wiz_1/inst/clk_out1  | design_1_i/microblaze_0_axi_periph/xbar/inst/gen_sasd.crossbar_sasd_0/addr_arbiter_inst/p_0_in1_in                                                                                                                       | design_1_i/microblaze_0_axi_periph/xbar/inst/gen_sasd.crossbar_sasd_0/addr_arbiter_inst/SR[0]                                  |                7 |             23 |
|  design_1_i/clk_wiz_1/inst/clk_out1  | design_1_i/DigiLED_0/inst/DigiLED_v1_0_S00_AXI_inst/led_driver/internal_color[23]_i_1_n_0                                                                                                                                |                                                                                                                                |               15 |             24 |
|  design_1_i/clk_wiz_1/inst/clk_out1  | design_1_i/DigiLED_0/inst/DigiLED_v1_0_S00_AXI_inst/led_driver/E[0]                                                                                                                                                      |                                                                                                                                |               17 |             32 |
|  design_1_i/mdm_1/U0/Ext_JTAG_DRCK   | design_1_i/microblaze_0/U0/MicroBlaze_Core_I/Performance.Core/Use_Debug_Logic.Master_Core.Debug_Perf/New_Dbg_Instr_TCK                                                                                                   |                                                                                                                                |               15 |             32 |
|  design_1_i/clk_wiz_1/inst/clk_out1  |                                                                                                                                                                                                                          | design_1_i/microblaze_0/U0/MicroBlaze_Core_I/Reset_DFF/Use_DLMB.wb_dlmb_valid_read_data_reg[31][0]                             |               25 |             32 |
|  design_1_i/clk_wiz_1/inst/clk_out1  | design_1_i/microblaze_0/U0/MicroBlaze_Core_I/Performance.Core/Decode_I/Use_MuxCy[10].OF_Piperun_Stage/MUXCY_I/lopt_15                                                                                                    | design_1_i/microblaze_0/U0/MicroBlaze_Core_I/Performance.Core/Decode_I/R                                                       |               12 |             32 |
|  design_1_i/clk_wiz_1/inst/clk_out1  | design_1_i/microblaze_0/U0/MicroBlaze_Core_I/Performance.Core/Decode_I/Use_MuxCy[10].OF_Piperun_Stage/MUXCY_I/lopt_6                                                                                                     |                                                                                                                                |                8 |             32 |
|  design_1_i/clk_wiz_1/inst/clk_out1  | design_1_i/microblaze_0/U0/MicroBlaze_Core_I/Performance.Core/Decode_I/Use_MuxCy[10].OF_Piperun_Stage/MUXCY_I/lopt_6                                                                                                     | design_1_i/microblaze_0/U0/MicroBlaze_Core_I/Reset_DFF/SR[0]                                                                   |               14 |             32 |
|  design_1_i/clk_wiz_1/inst/clk_out1  |                                                                                                                                                                                                                          | design_1_i/DigiLED_0/inst/DigiLED_v1_0_S00_AXI_inst/led_driver/frame_counter_div[0]_i_1_n_0                                    |                8 |             32 |
|  design_1_i/clk_wiz_1/inst/clk_out1  | design_1_i/microblaze_0/U0/MicroBlaze_Core_I/Performance.Core/Decode_I/PreFetch_Buffer_I1/OF_Valid_DFF/if_pc_reg[0][0]                                                                                                   | design_1_i/microblaze_0/U0/MicroBlaze_Core_I/Reset_DFF/sync[2]                                                                 |               10 |             32 |
|  design_1_i/clk_wiz_1/inst/clk_out1  | design_1_i/DigiLED_0/inst/DigiLED_v1_0_S00_AXI_inst/led_driver/frame_counter[0]_i_2_n_0                                                                                                                                  | design_1_i/DigiLED_0/inst/DigiLED_v1_0_S00_AXI_inst/led_driver/frame_counter[0]_i_1_n_0                                        |                8 |             32 |
|  design_1_i/clk_wiz_1/inst/clk_out1  | design_1_i/DigiLED_0/inst/DigiLED_v1_0_S00_AXI_inst/slv_reg_rden                                                                                                                                                         | design_1_i/DigiLED_0/inst/DigiLED_v1_0_S00_AXI_inst/axi_awready_i_1_n_0                                                        |                5 |             32 |
|  design_1_i/clk_wiz_1/inst/clk_out1  | design_1_i/microblaze_0_axi_periph/xbar/inst/gen_sasd.crossbar_sasd_0/addr_arbiter_inst/s_axi_rvalid[0]                                                                                                                  | design_1_i/microblaze_0/U0/MicroBlaze_Core_I/Reset_DFF/sync[2]                                                                 |                7 |             32 |
|  design_1_i/clk_wiz_1/inst/clk_out1  | design_1_i/microblaze_0/U0/MicroBlaze_Core_I/Performance.Core/Decode_I/jump_logic_I1/E[0]                                                                                                                                | design_1_i/microblaze_0/U0/MicroBlaze_Core_I/Reset_DFF/sync[2]                                                                 |                8 |             32 |
|  design_1_i/clk_wiz_1/inst/clk_out1  | design_1_i/microblaze_0_axi_periph/xbar/inst/gen_sasd.crossbar_sasd_0/addr_arbiter_inst/E[0]                                                                                                                             |                                                                                                                                |               14 |             33 |
|  design_1_i/clk_wiz_1/inst/clk_out1  | design_1_i/microblaze_0_axi_periph/xbar/inst/gen_sasd.crossbar_sasd_0/reg_slice_r/aa_rready                                                                                                                              |                                                                                                                                |               11 |             33 |
|  design_1_i/clk_wiz_1/inst/clk_out1  |                                                                                                                                                                                                                          | design_1_i/DigiLED_0/inst/DigiLED_v1_0_S00_AXI_inst/axi_awready_i_1_n_0                                                        |               13 |             35 |
|  design_1_i/clk_wiz_1/inst/clk_out1  | design_1_i/DigiLED_0/inst/DigiLED_v1_0_S00_AXI_inst/led_data_reg_0_63_0_2_i_1_n_0                                                                                                                                        |                                                                                                                                |               11 |             44 |
|  design_1_i/mdm_1/U0/Ext_JTAG_DRCK   | design_1_i/mdm_1/U0/Dbg_Capture_0                                                                                                                                                                                        |                                                                                                                                |               14 |             61 |
|  design_1_i/clk_wiz_1/inst/clk_out1  | design_1_i/microblaze_0/U0/MicroBlaze_Core_I/Performance.Core/Decode_I/PreFetch_Buffer_I1/Gen_Mux_Select_LUT6[4].Gen_Sel_DFF/Using_FPGA.Native_2                                                                         |                                                                                                                                |               11 |             75 |
|  design_1_i/clk_wiz_1/inst/clk_out1  | design_1_i/microblaze_0/U0/MicroBlaze_Core_I/Performance.Core/Decode_I/Use_MuxCy[10].OF_Piperun_Stage/MUXCY_I/lopt_15                                                                                                    | design_1_i/microblaze_0/U0/MicroBlaze_Core_I/Reset_DFF/sync[2]                                                                 |               34 |             83 |
|  design_1_i/mdm_1/U0/Ext_JTAG_DRCK   |                                                                                                                                                                                                                          |                                                                                                                                |               45 |            117 |
|  design_1_i/clk_wiz_1/inst/clk_out1  | design_1_i/microblaze_0/U0/MicroBlaze_Core_I/Performance.Core/Decode_I/status_reg_reg[25][46]                                                                                                                            |                                                                                                                                |               16 |            128 |
|  design_1_i/clk_wiz_1/inst/clk_out1  |                                                                                                                                                                                                                          | design_1_i/microblaze_0/U0/MicroBlaze_Core_I/Reset_DFF/sync[2]                                                                 |               61 |            142 |
|  design_1_i/clk_wiz_1/inst/clk_out1  |                                                                                                                                                                                                                          |                                                                                                                                |               66 |            167 |
|  design_1_i/clk_wiz_1/inst/clk_out1  | design_1_i/microblaze_0/U0/MicroBlaze_Core_I/Performance.Core/Decode_I/Use_MuxCy[10].OF_Piperun_Stage/MUXCY_I/use_Reg_Neg_S_reg                                                                                          | design_1_i/microblaze_0/U0/MicroBlaze_Core_I/Reset_DFF/sync[2]                                                                 |               68 |            220 |
+--------------------------------------+--------------------------------------------------------------------------------------------------------------------------------------------------------------------------------------------------------------------------+--------------------------------------------------------------------------------------------------------------------------------+------------------+----------------+


