#-----------------------------------------------------------
# Vivado v2015.2.1 (64-bit)
# SW Build 1302555 on Wed Aug  5 13:06:02 MDT 2015
# IP Build 1291990 on Mon Jul 27 03:18:52 MDT 2015
# Start of session at: Mon Oct 12 15:07:26 2015
# Process ID: 11124
# Log file: C:/Users/mskreen.NI/OneDrive/Digilent/Arty/Arty_Programming_Guide_Demo/vivado.log
# Journal file: C:/Users/mskreen.NI/OneDrive/Digilent/Arty/Arty_Programming_Guide_Demo\vivado.jou
#-----------------------------------------------------------
start_gui
open_project C:/Users/mskreen.NI/OneDrive/Digilent/Arty/Arty_Programming_Guide_Demo/Arty_Programming_Guide_Demo.xpr
Scanning sources...
Finished scanning sources
INFO: [IP_Flow 19-234] Refreshing IP repositories
INFO: [IP_Flow 19-1704] No user IP repositories specified
INFO: [IP_Flow 19-2313] Loaded Vivado IP repository 'C:/Xilinx/Vivado/2015.2/data/ip'.
file mkdir C:/Users/mskreen.NI/OneDrive/Digilent/Arty/Arty_Programming_Guide_Demo/Arty_Programming_Guide_Demo.srcs/constrs_1/new
WARNING: [filemgmt 20-342] File / dir doesn't exist, skipping: C:/Users/mskreen.NI/OneDrive/Digilent/Arty/Arty_Programming_Guide_Demo/Arty_Programming_Guide_Demo.srcs/constrs_1/new/Arty_sw_btn_led.xdc
close [ open C:/Users/mskreen.NI/OneDrive/Digilent/Arty/Arty_Programming_Guide_Demo/Arty_Programming_Guide_Demo.srcs/constrs_1/new/Arty_sw_btn_led.xdc w ]
add_files -fileset constrs_1 C:/Users/mskreen.NI/OneDrive/Digilent/Arty/Arty_Programming_Guide_Demo/Arty_Programming_Guide_Demo.srcs/constrs_1/new/Arty_sw_btn_led.xdc
remove_files -fileset constrs_1 C:/Users/mskreen.NI/OneDrive/Digilent/Arty/Arty_Programming_Guide_Demo/Arty_Programming_Guide_Demo.srcs/constrs_1/imports/Arty/Arty_Master.xdc
file delete -force C:/Users/mskreen.NI/OneDrive/Digilent/Arty/Arty_Programming_Guide_Demo/Arty_Programming_Guide_Demo.srcs/constrs_1/imports/Arty/Arty_Master.xdc
open_hw
connect_hw_server -url localhost:3121
INFO: [Labtools 27-2285] Connecting to hw_server url TCP:localhost:3121
INFO: [Labtools 27-2222] Launching hw_server...
INFO: [Labtools 27-2221] Launch Output:

****** Xilinx hw_server v2015.2
  **** Build date : Aug  5 2015-13:32:20
    ** Copyright 1986-1999, 2001-2015 Xilinx, Inc. All Rights Reserved.


connect_hw_server: Time (s): cpu = 00:00:00 ; elapsed = 00:00:06 . Memory (MB): peak = 766.242 ; gain = 0.000
current_hw_target [get_hw_targets */xilinx_tcf/Digilent/210319722169A]
set_property PARAM.FREQUENCY 15000000 [get_hw_targets */xilinx_tcf/Digilent/210319722169A]
open_hw_target
INFO: [Labtoolstcl 44-466] Opening hw_target localhost:3121/xilinx_tcf/Digilent/210319722169A
set_property PROGRAM.FILE {C:/Users/mskreen.NI/OneDrive/Digilent/Arty/Arty_Programming_Guide_Demo/Arty_Programming_Guide_Demo.runs/impl_1/sw_btn_led.bit} [lindex [get_hw_devices] 0]
current_hw_device [lindex [get_hw_devices] 0]
refresh_hw_device -update_hw_probes false [lindex [get_hw_devices] 0]
INFO: [Labtools 27-1434] Device xc7a35t (JTAG device index = 0) is programmed with a design that has no supported debug core(s) in it.
WARNING: [Labtools 27-3123] The debug hub core was not detected at User Scan Chain 1 or 3.
Resolution: 
1. Make sure the clock connected to the debug hub (dbg_hub) core is a free running clock and is active OR
2. Manually launch hw_server with -e "set xsdb-user-bscan <C_USER_SCAN_CHAIN scan_chain_number>" to detect the debug hub at User Scan Chain of 2 or 4. To determine the user scan chain setting, open the implemented design and use: get_property C_USER_SCAN_CHAIN [get_debug_cores dbg_hub].
create_hw_cfgmem -hw_device [lindex [get_hw_devices] 0] -mem_dev  [lindex [get_cfgmem_parts {s25fl032p-spi-x1_x2_x4}] 0]
set_property PROGRAM.BLANK_CHECK  0 [ get_property PROGRAM.HW_CFGMEM [lindex [get_hw_devices] 0 ]]
set_property PROGRAM.ERASE  1 [ get_property PROGRAM.HW_CFGMEM [lindex [get_hw_devices] 0 ]]
set_property PROGRAM.CFG_PROGRAM  1 [ get_property PROGRAM.HW_CFGMEM [lindex [get_hw_devices] 0 ]]
set_property PROGRAM.VERIFY  1 [ get_property PROGRAM.HW_CFGMEM [lindex [get_hw_devices] 0 ]]
refresh_hw_device [lindex [get_hw_devices] 0]
INFO: [Labtools 27-1434] Device xc7a35t (JTAG device index = 0) is programmed with a design that has no supported debug core(s) in it.
WARNING: [Labtools 27-3123] The debug hub core was not detected at User Scan Chain 1 or 3.
Resolution: 
1. Make sure the clock connected to the debug hub (dbg_hub) core is a free running clock and is active OR
2. Manually launch hw_server with -e "set xsdb-user-bscan <C_USER_SCAN_CHAIN scan_chain_number>" to detect the debug hub at User Scan Chain of 2 or 4. To determine the user scan chain setting, open the implemented design and use: get_property C_USER_SCAN_CHAIN [get_debug_cores dbg_hub].
ERROR: [Labtools 27-3175] Target jsn-Arty-210319722169A is no longer available.
Please use disconnect_hw_server to close the current server connection. Check cable connectivity and that the target board is powered up.
Restart the hw_server application running on host localhost, port 3121 and then use connect_hw_server to re-establish connection to target.
close_hw_target
INFO: [Labtoolstcl 44-464] Closing hw_target localhost:3121/xilinx_tcf/Digilent/210319722169A
ERROR: [Labtools 27-3175] Target jsn-Arty-210319722169A is no longer available.
Please use disconnect_hw_server to close the current server connection. Check cable connectivity and that the target board is powered up.
Restart the hw_server application running on host localhost, port 3121 and then use connect_hw_server to re-establish connection to target.
close_hw_target
INFO: [Labtoolstcl 44-464] Closing hw_target localhost:3121/xilinx_tcf/Digilent/210319722169A
INFO: [Labtoolstcl 44-468] Target hw_target localhost:3121/xilinx_tcf/Digilent/210319722169A is already closed
disconnect_hw_server localhost:3121
connect_hw_server -url localhost:3121
INFO: [Labtools 27-2285] Connecting to hw_server url TCP:localhost:3121
current_hw_target [get_hw_targets */xilinx_tcf/Digilent/210319722169A]
set_property PARAM.FREQUENCY 15000000 [get_hw_targets */xilinx_tcf/Digilent/210319722169A]
open_hw_target
INFO: [Labtoolstcl 44-466] Opening hw_target localhost:3121/xilinx_tcf/Digilent/210319722169A
set_property PROGRAM.FILE {C:/Users/mskreen.NI/OneDrive/Digilent/Arty/Arty_Programming_Guide_Demo/Arty_Programming_Guide_Demo.runs/impl_1/sw_btn_led.bit} [lindex [get_hw_devices] 0]
current_hw_device [lindex [get_hw_devices] 0]
refresh_hw_device -update_hw_probes false [lindex [get_hw_devices] 0]
INFO: [Labtools 27-1435] Device xc7a35t (JTAG device index = 0) is not programmed (DONE status = 0).
ERROR: [Labtools 27-3175] Target jsn-Arty-210319722169A is no longer available.
Please use disconnect_hw_server to close the current server connection. Check cable connectivity and that the target board is powered up.
Restart the hw_server application running on host localhost, port 3121 and then use connect_hw_server to re-establish connection to target.
close_hw_target
INFO: [Labtoolstcl 44-464] Closing hw_target localhost:3121/xilinx_tcf/Digilent/210319722169A
